


          SolidWorks Corporation - STEP Processor Error Log
          ______________________________________________________

                       STEP Post Processor
                       ___________________


STEP File Name: C:\Users\eugen\OneDrive\Área de Trabalho\TCC\Eletrônica\BDT_TCC_CADrev3.STEP



Error: Tipo de entidade sem suporte.
STEP-importação não foi concluída com êxito.

Error: Tipo de entidade sem suporte.
STEP-importação não foi concluída com êxito.

Error: Tipo de entidade sem suporte.
STEP-importação não foi concluída com êxito.

Error: Tipo de entidade sem suporte.
STEP-importação não foi concluída com êxito.

Error: Tipo de entidade sem suporte.
STEP-importação não foi concluída com êxito.

Error: Tipo de entidade sem suporte.
STEP-importação não foi concluída com êxito.

Error: Tipo de entidade sem suporte.
STEP-importação não foi concluída com êxito.

Error: Tipo de entidade sem suporte.
STEP-importação não foi concluída com êxito.

Error: Tipo de entidade sem suporte.
STEP-importação não foi concluída com êxito.

Error: Tipo de entidade sem suporte.
STEP-importação não foi concluída com êxito.

Error: Tipo de entidade sem suporte.
STEP-importação não foi concluída com êxito.

Error: Tipo de entidade sem suporte.
STEP-importação não foi concluída com êxito.

Error: Tipo de entidade sem suporte.
STEP-importação não foi concluída com êxito.

Error: Tipo de entidade sem suporte.
STEP-importação não foi concluída com êxito.

Error: Tipo de entidade sem suporte.
STEP-importação não foi concluída com êxito.

Error: Tipo de entidade sem suporte.
STEP-importação não foi concluída com êxito.

Error: Tipo de entidade sem suporte.
STEP-importação não foi concluída com êxito.

Error: Tipo de entidade sem suporte.
STEP-importação não foi concluída com êxito.

Error: Tipo de entidade sem suporte.
STEP-importação não foi concluída com êxito.

Error: Tipo de entidade sem suporte.
STEP-importação não foi concluída com êxito.

Error: Tipo de entidade sem suporte.
STEP-importação não foi concluída com êxito.

Error: Tipo de entidade sem suporte.
STEP-importação não foi concluída com êxito.

Error: Tipo de entidade sem suporte.
STEP-importação não foi concluída com êxito.

Error: Tipo de entidade sem suporte.
STEP-importação não foi concluída com êxito.

Error: Tipo de entidade sem suporte.
STEP-importação não foi concluída com êxito.

Error: Tipo de entidade sem suporte.
STEP-importação não foi concluída com êxito.

Error: Tipo de entidade sem suporte.
STEP-importação não foi concluída com êxito.

Error: Tipo de entidade sem suporte.
STEP-importação não foi concluída com êxito.

Error: Tipo de entidade sem suporte.
STEP-importação não foi concluída com êxito.

Error: Tipo de entidade sem suporte.
STEP-importação não foi concluída com êxito.

Error: Tipo de entidade sem suporte.
STEP-importação não foi concluída com êxito.

Error: Tipo de entidade sem suporte.
STEP-importação não foi concluída com êxito.

Error: Tipo de entidade sem suporte.
STEP-importação não foi concluída com êxito.

Error: Tipo de entidade sem suporte.
STEP-importação não foi concluída com êxito.

Error: Tipo de entidade sem suporte.
STEP-importação não foi concluída com êxito.

Error: Tipo de entidade sem suporte.
STEP-importação não foi concluída com êxito.

Error: Tipo de entidade sem suporte.
STEP-importação não foi concluída com êxito.

Error: Tipo de entidade sem suporte.
STEP-importação não foi concluída com êxito.

Error: Tipo de entidade sem suporte.
STEP-importação não foi concluída com êxito.

Error: Tipo de entidade sem suporte.
STEP-importação não foi concluída com êxito.

Error: Tipo de entidade sem suporte.
STEP-importação não foi concluída com êxito.

Error: Tipo de entidade sem suporte.
STEP-importação não foi concluída com êxito.

Error: Tipo de entidade sem suporte.
STEP-importação não foi concluída com êxito.

Error: Tipo de entidade sem suporte.
STEP-importação não foi concluída com êxito.

Error: Tipo de entidade sem suporte.
STEP-importação não foi concluída com êxito.

Error: Tipo de entidade sem suporte.
STEP-importação não foi concluída com êxito.

Error: Tipo de entidade sem suporte.
STEP-importação não foi concluída com êxito.

Error: Tipo de entidade sem suporte.
STEP-importação não foi concluída com êxito.

Error: Tipo de entidade sem suporte.
STEP-importação não foi concluída com êxito.

Error: Tipo de entidade sem suporte.
STEP-importação não foi concluída com êxito.

Error: Tipo de entidade sem suporte.
STEP-importação não foi concluída com êxito.

Error: Tipo de entidade sem suporte.
STEP-importação não foi concluída com êxito.

Error: Tipo de entidade sem suporte.
STEP-importação não foi concluída com êxito.

Error: Tipo de entidade sem suporte.
STEP-importação não foi concluída com êxito.

Error: Tipo de entidade sem suporte.
STEP-importação não foi concluída com êxito.

Error: Tipo de entidade sem suporte.
STEP-importação não foi concluída com êxito.

Error: Tipo de entidade sem suporte.
STEP-importação não foi concluída com êxito.

Error: Tipo de entidade sem suporte.
STEP-importação não foi concluída com êxito.

Error: Tipo de entidade sem suporte.
STEP-importação não foi concluída com êxito.

Error: Tipo de entidade sem suporte.
STEP-importação não foi concluída com êxito.

Error: Tipo de entidade sem suporte.
STEP-importação não foi concluída com êxito.

Error: Tipo de entidade sem suporte.
STEP-importação não foi concluída com êxito.

Error: Tipo de entidade sem suporte.
STEP-importação não foi concluída com êxito.

Error: Tipo de entidade sem suporte.
STEP-importação não foi concluída com êxito.

Error: Tipo de entidade sem suporte.
STEP-importação não foi concluída com êxito.

Error: Tipo de entidade sem suporte.
STEP-importação não foi concluída com êxito.

Error: Tipo de entidade sem suporte.
STEP-importação não foi concluída com êxito.

Error: Tipo de entidade sem suporte.
STEP-importação não foi concluída com êxito.

Error: Tipo de entidade sem suporte.
STEP-importação não foi concluída com êxito.

Error: Tipo de entidade sem suporte.
STEP-importação não foi concluída com êxito.

Error: Tipo de entidade sem suporte.
STEP-importação não foi concluída com êxito.

Error: Tipo de entidade sem suporte.
STEP-importação não foi concluída com êxito.

Error: Tipo de entidade sem suporte.
STEP-importação não foi concluída com êxito.

Error: Tipo de entidade sem suporte.
STEP-importação não foi concluída com êxito.

Error: Tipo de entidade sem suporte.
STEP-importação não foi concluída com êxito.

Error: Tipo de entidade sem suporte.
STEP-importação não foi concluída com êxito.

Error: Tipo de entidade sem suporte.
STEP-importação não foi concluída com êxito.

Error: Tipo de entidade sem suporte.
STEP-importação não foi concluída com êxito.

Error: Tipo de entidade sem suporte.
STEP-importação não foi concluída com êxito.

Error: Tipo de entidade sem suporte.
STEP-importação não foi concluída com êxito.

Error: Tipo de entidade sem suporte.
STEP-importação não foi concluída com êxito.

Error: Tipo de entidade sem suporte.
STEP-importação não foi concluída com êxito.

Error: Tipo de entidade sem suporte.
STEP-importação não foi concluída com êxito.

Error: Tipo de entidade sem suporte.
STEP-importação não foi concluída com êxito.

Error: Tipo de entidade sem suporte.
STEP-importação não foi concluída com êxito.

Error: Tipo de entidade sem suporte.
STEP-importação não foi concluída com êxito.

Error: Tipo de entidade sem suporte.
STEP-importação não foi concluída com êxito.

Error: Tipo de entidade sem suporte.
STEP-importação não foi concluída com êxito.

Error: Tipo de entidade sem suporte.
STEP-importação não foi concluída com êxito.

Error: Tipo de entidade sem suporte.
STEP-importação não foi concluída com êxito.

Error: Tipo de entidade sem suporte.
STEP-importação não foi concluída com êxito.

Error: Tipo de entidade sem suporte.
STEP-importação não foi concluída com êxito.

Error: Tipo de entidade sem suporte.
STEP-importação não foi concluída com êxito.

Error: Tipo de entidade sem suporte.
STEP-importação não foi concluída com êxito.

Error: Tipo de entidade sem suporte.
STEP-importação não foi concluída com êxito.

Error: Tipo de entidade sem suporte.
STEP-importação não foi concluída com êxito.

Error: Tipo de entidade sem suporte.
STEP-importação não foi concluída com êxito.

Error: Tipo de entidade sem suporte.
STEP-importação não foi concluída com êxito.

Error: Tipo de entidade sem suporte.
STEP-importação não foi concluída com êxito.

Error: Tipo de entidade sem suporte.
STEP-importação não foi concluída com êxito.

Error: Tipo de entidade sem suporte.
STEP-importação não foi concluída com êxito.

Error: Tipo de entidade sem suporte.
STEP-importação não foi concluída com êxito.

Error: Tipo de entidade sem suporte.
STEP-importação não foi concluída com êxito.

Error: Tipo de entidade sem suporte.
STEP-importação não foi concluída com êxito.

Error: Tipo de entidade sem suporte.
STEP-importação não foi concluída com êxito.

Error: Tipo de entidade sem suporte.
STEP-importação não foi concluída com êxito.

Error: Tipo de entidade sem suporte.
STEP-importação não foi concluída com êxito.

Error: Tipo de entidade sem suporte.
STEP-importação não foi concluída com êxito.

Error: Tipo de entidade sem suporte.
STEP-importação não foi concluída com êxito.

Error: Tipo de entidade sem suporte.
STEP-importação não foi concluída com êxito.

Error: Tipo de entidade sem suporte.
STEP-importação não foi concluída com êxito.

Error: Tipo de entidade sem suporte.
STEP-importação não foi concluída com êxito.

Error: Tipo de entidade sem suporte.
STEP-importação não foi concluída com êxito.

Error: Tipo de entidade sem suporte.
STEP-importação não foi concluída com êxito.

Error: Tipo de entidade sem suporte.
STEP-importação não foi concluída com êxito.

Error: Tipo de entidade sem suporte.
STEP-importação não foi concluída com êxito.

Error: Tipo de entidade sem suporte.
STEP-importação não foi concluída com êxito.

Error: Tipo de entidade sem suporte.
STEP-importação não foi concluída com êxito.

Error: Tipo de entidade sem suporte.
STEP-importação não foi concluída com êxito.

Error: Tipo de entidade sem suporte.
STEP-importação não foi concluída com êxito.
As superfícies foram processadas com êxito em um corpo sólido.
STEP- importação concluída.As superfícies foram processadas com êxito em um corpo sólido.
STEP- importação concluída.As superfícies foram processadas com êxito em um corpo sólido.
STEP- importação concluída.As superfícies foram processadas com êxito em um corpo sólido.
STEP- importação concluída.As superfícies foram processadas com êxito em um corpo sólido.
STEP- importação concluída.As superfícies foram processadas com êxito em um corpo sólido.
STEP- importação concluída.As superfícies foram processadas com êxito em um corpo sólido.
STEP- importação concluída.As superfícies foram processadas com êxito em um corpo sólido.
STEP- importação concluída.As superfícies foram processadas com êxito em um corpo sólido.
STEP- importação concluída.As superfícies foram processadas com êxito em um corpo sólido.
STEP- importação concluída.As superfícies foram processadas com êxito em um corpo sólido.
STEP- importação concluída.As superfícies foram processadas com êxito em um corpo sólido.
STEP- importação concluída.XLTR: Circuit sanity failure
AVISO: Surface problem...O construtor de superfície aparada não pôde convergir para a solução.
XLTR: Circuit sanity failure
AVISO: Surface problem...O construtor de superfície aparada não pôde convergir para a solução.
XLTR: Circuit sanity failure
XLTR: Circuit sanity failure
AVISO: Surface problem...Loops de curvas têm direções inconsistentes.
XLTR: Circuit sanity failure
XLTR: Circuit sanity failure
AVISO: Surface problem...Loops de curvas têm direções inconsistentes.
As superfícies foram processadas com êxito em um corpo sólido.
STEP- importação concluída.As superfícies foram processadas com êxito em um corpo sólido.
STEP- importação concluída.As superfícies foram processadas com êxito em um corpo sólido.
STEP- importação concluída.As superfícies foram processadas com êxito em um corpo sólido.
STEP- importação concluída.As superfícies foram processadas com êxito em um corpo sólido.
STEP- importação concluída.As superfícies foram processadas com êxito em um corpo sólido.
STEP- importação concluída.As superfícies foram processadas com êxito em um corpo sólido.
STEP- importação concluída.As superfícies foram processadas com êxito em um corpo sólido.
STEP- importação concluída.As superfícies foram processadas com êxito em um corpo sólido.
STEP- importação concluída.As superfícies foram processadas com êxito em um corpo sólido.
STEP- importação concluída.As superfícies foram processadas com êxito em um corpo sólido.
STEP- importação concluída.As superfícies foram processadas com êxito em um corpo sólido.
STEP- importação concluída.XLTR: Circuit sanity failure
AVISO: Surface problem...O construtor de superfície aparada não pôde convergir para a solução.
XLTR: Circuit sanity failure
AVISO: Surface problem...O construtor de superfície aparada não pôde convergir para a solução.
XLTR: Circuit sanity failure
XLTR: Circuit sanity failure
AVISO: Surface problem...Loops de curvas têm direções inconsistentes.
XLTR: Circuit sanity failure
XLTR: Circuit sanity failure
AVISO: Surface problem...Loops de curvas têm direções inconsistentes.
As superfícies foram processadas com êxito em um corpo sólido.
STEP- importação concluída.As superfícies foram processadas com êxito em um corpo sólido.
STEP- importação concluída.As superfícies foram processadas com êxito em um corpo sólido.
STEP- importação concluída.As superfícies foram processadas com êxito em um corpo sólido.
STEP- importação concluída.As superfícies foram processadas com êxito em um corpo sólido.
STEP- importação concluída.As superfícies foram processadas com êxito em um corpo sólido.
STEP- importação concluída.As superfícies foram processadas com êxito em um corpo sólido.
STEP- importação concluída.As superfícies foram processadas com êxito em um corpo sólido.
STEP- importação concluída.As superfícies foram processadas com êxito em um corpo sólido.
STEP- importação concluída.As superfícies foram processadas com êxito em um corpo sólido.
STEP- importação concluída.As superfícies foram processadas com êxito em um corpo sólido.
STEP- importação concluída.As superfícies foram processadas com êxito em um corpo sólido.
STEP- importação concluída.As superfícies foram processadas com êxito em um corpo sólido.
STEP- importação concluída.As superfícies foram processadas com êxito em um corpo sólido.
STEP- importação concluída.As superfícies foram processadas com êxito em um corpo sólido.
STEP- importação concluída.As superfícies foram processadas com êxito em um corpo sólido.
STEP- importação concluída.As superfícies foram processadas com êxito em um corpo sólido.
STEP- importação concluída.As superfícies foram processadas com êxito em um corpo sólido.
STEP- importação concluída.As superfícies foram processadas com êxito em um corpo sólido.
STEP- importação concluída.
Error: Não foi possível criar o sólido a partir das superfícies aparadas.
STEP-importação não foi concluída com êxito.
As superfícies foram processadas com êxito em um corpo sólido.
STEP- importação concluída.
Error: Não foi possível criar o sólido a partir das superfícies aparadas.
STEP-importação não foi concluída com êxito.
As superfícies foram processadas com êxito em um corpo sólido.
STEP- importação concluída.As superfícies foram processadas com êxito em um corpo sólido.
STEP- importação concluída.As superfícies foram processadas com êxito em um corpo sólido.
STEP- importação concluída.As superfícies foram processadas com êxito em um corpo sólido.
STEP- importação concluída.As superfícies foram processadas com êxito em um corpo sólido.
STEP- importação concluída.As superfícies foram processadas com êxito em um corpo sólido.
STEP- importação concluída.As superfícies foram processadas com êxito em um corpo sólido.
STEP- importação concluída.As superfícies foram processadas com êxito em um corpo sólido.
STEP- importação concluída.As superfícies foram processadas com êxito em um corpo sólido.
STEP- importação concluída.As superfícies foram processadas com êxito em um corpo sólido.
STEP- importação concluída.As superfícies foram processadas com êxito em um corpo sólido.
STEP- importação concluída.As superfícies foram processadas com êxito em um corpo sólido.
STEP- importação concluída.As superfícies foram processadas com êxito em um corpo sólido.
STEP- importação concluída.As superfícies foram processadas com êxito em um corpo sólido.
STEP- importação concluída.As superfícies foram processadas com êxito em um corpo sólido.
STEP- importação concluída.As superfícies foram processadas com êxito em um corpo sólido.
STEP- importação concluída.As superfícies foram processadas com êxito em um corpo sólido.
STEP- importação concluída.As superfícies foram processadas com êxito em um corpo sólido.
STEP- importação concluída.As superfícies foram processadas com êxito em um corpo sólido.
STEP- importação concluída.As superfícies foram processadas com êxito em um corpo sólido.
STEP- importação concluída.As superfícies foram processadas com êxito em um corpo sólido.
STEP- importação concluída.As superfícies foram processadas com êxito em um corpo sólido.
STEP- importação concluída.As superfícies foram processadas com êxito em um corpo sólido.
STEP- importação concluída.As superfícies foram processadas com êxito em um corpo sólido.
STEP- importação concluída.As superfícies foram processadas com êxito em um corpo sólido.
STEP- importação concluída.As superfícies foram processadas com êxito em um corpo sólido.
STEP- importação concluída.As superfícies foram processadas com êxito em um corpo sólido.
STEP- importação concluída.As superfícies foram processadas com êxito em um corpo sólido.
STEP- importação concluída.As superfícies foram processadas com êxito em um corpo sólido.
STEP- importação concluída.As superfícies foram processadas com êxito em um corpo sólido.
STEP- importação concluída.As superfícies foram processadas com êxito em um corpo sólido.
STEP- importação concluída.As superfícies foram processadas com êxito em um corpo sólido.
STEP- importação concluída.As superfícies foram processadas com êxito em um corpo sólido.
STEP- importação concluída.As superfícies foram processadas com êxito em um corpo sólido.
STEP- importação concluída.As superfícies foram processadas com êxito em um corpo sólido.
STEP- importação concluída.As superfícies foram processadas com êxito em um corpo sólido.
STEP- importação concluída.As superfícies foram processadas com êxito em um corpo sólido.
STEP- importação concluída.As superfícies foram processadas com êxito em um corpo sólido.
STEP- importação concluída.As superfícies foram processadas com êxito em um corpo sólido.
STEP- importação concluída.As superfícies foram processadas com êxito em um corpo sólido.
STEP- importação concluída.As superfícies foram processadas com êxito em um corpo sólido.
STEP- importação concluída.As superfícies foram processadas com êxito em um corpo sólido.
STEP- importação concluída.As superfícies foram processadas com êxito em um corpo sólido.
STEP- importação concluída.As superfícies foram processadas com êxito em um corpo sólido.
STEP- importação concluída.As superfícies foram processadas com êxito em um corpo sólido.
STEP- importação concluída.As superfícies foram processadas com êxito em um corpo sólido.
STEP- importação concluída.As superfícies foram processadas com êxito em um corpo sólido.
STEP- importação concluída.As superfícies foram processadas com êxito em um corpo sólido.
STEP- importação concluída.As superfícies foram processadas com êxito em um corpo sólido.
STEP- importação concluída.As superfícies foram processadas com êxito em um corpo sólido.
STEP- importação concluída.XLTR: Circuit sanity failure
AVISO: Surface problem...O construtor de superfície aparada não pôde convergir para a solução.
XLTR: Circuit sanity failure
AVISO: Surface problem...O construtor de superfície aparada não pôde convergir para a solução.
XLTR: Circuit sanity failure
XLTR: Circuit sanity failure
AVISO: Surface problem...Loops de curvas têm direções inconsistentes.
XLTR: Circuit sanity failure
XLTR: Circuit sanity failure
AVISO: Surface problem...Loops de curvas têm direções inconsistentes.
As superfícies foram processadas com êxito em um corpo sólido.
STEP- importação concluída.As superfícies foram processadas com êxito em um corpo sólido.
STEP- importação concluída.As superfícies foram processadas com êxito em um corpo sólido.
STEP- importação concluída.As superfícies foram processadas com êxito em um corpo sólido.
STEP- importação concluída.As superfícies foram processadas com êxito em um corpo sólido.
STEP- importação concluída.As superfícies foram processadas com êxito em um corpo sólido.
STEP- importação concluída.As superfícies foram processadas com êxito em um corpo sólido.
STEP- importação concluída.As superfícies foram processadas com êxito em um corpo sólido.
STEP- importação concluída.As superfícies foram processadas com êxito em um corpo sólido.
STEP- importação concluída.As superfícies foram processadas com êxito em um corpo sólido.
STEP- importação concluída.As superfícies foram processadas com êxito em um corpo sólido.
STEP- importação concluída.As superfícies foram processadas com êxito em um corpo sólido.
STEP- importação concluída.XLTR: Circuit sanity failure
AVISO: Surface problem...O construtor de superfície aparada não pôde convergir para a solução.
XLTR: Circuit sanity failure
AVISO: Surface problem...O construtor de superfície aparada não pôde convergir para a solução.
XLTR: Circuit sanity failure
XLTR: Circuit sanity failure
AVISO: Surface problem...Loops de curvas têm direções inconsistentes.
XLTR: Circuit sanity failure
XLTR: Circuit sanity failure
AVISO: Surface problem...Loops de curvas têm direções inconsistentes.
As superfícies foram processadas com êxito em um corpo sólido.
STEP- importação concluída.As superfícies foram processadas com êxito em um corpo sólido.
STEP- importação concluída.As superfícies foram processadas com êxito em um corpo sólido.
STEP- importação concluída.As superfícies foram processadas com êxito em um corpo sólido.
STEP- importação concluída.As superfícies foram processadas com êxito em um corpo sólido.
STEP- importação concluída.As superfícies foram processadas com êxito em um corpo sólido.
STEP- importação concluída.As superfícies foram processadas com êxito em um corpo sólido.
STEP- importação concluída.As superfícies foram processadas com êxito em um corpo sólido.
STEP- importação concluída.As superfícies foram processadas com êxito em um corpo sólido.
STEP- importação concluída.As superfícies foram processadas com êxito em um corpo sólido.
STEP- importação concluída.