WARNING (------): DXF version not recognised or not release 12-15.
ASCII DXF release 15 is recommended
WARNING (001746): BLOCK object group 3 unknown/not supported - ignored.
WARNING (001748): BLOCK object group 1 unknown/not supported - ignored.
SYMBOL: layer="0", name="*Model_Space", org=(0,0), 0 entities.
WARNING (001770): BLOCK object group 67 unknown/not supported - ignored.
WARNING (001786): BLOCK object group 3 unknown/not supported - ignored.
WARNING (001788): BLOCK object group 1 unknown/not supported - ignored.
SYMBOL: layer="0", name="*Paper_Space", org=(0,0), 0 entities.
WARNING (001798): BLOCKS section group 67 unknown/not supported - ignored.
WARNING (001826): BLOCK object group 3 unknown/not supported - ignored.
WARNING (001828): BLOCK object group 1 unknown/not supported - ignored.
SYMBOL: layer="0", name="*Paper_Space0", org=(0,0), 0 entities.
CIRCLE entity, line 1848
WARNING (001858): CIRCLE entity group 6 unknown/not supported - ignored.
WARNING (001862): CIRCLE entity group 370 unknown/not supported - ignored.
CIRCLE: layer="0", c=(190500,-139700), r=3810
CIRCLE entity, line 1874
WARNING (001884): CIRCLE entity group 6 unknown/not supported - ignored.
WARNING (001888): CIRCLE entity group 370 unknown/not supported - ignored.
CIRCLE: layer="0", c=(309880,109220), r=3810
ARC entity, line 1900
WARNING (001910): fcb.line, ARC entity group 6 unknown/not supported - ignored.
WARNING (001914): fcb.line, ARC entity group 370 unknown/not supported - ignored.
ARC: layer="0", c=(190500,139700), r=20320, start=90.0ø, end=180.0ø
LINE entity, line 1932
WARNING (001942): LINE/3DLINE entity group 6 unknown/not supported - ignored.
WARNING (001946): LINE/3DLINE entity group 370 unknown/not supported - ignored.
LINE: layer="0", p1=(170180,139700), p2=(170180,-139700)
ARC entity, line 1962
WARNING (001972): fcb.line, ARC entity group 6 unknown/not supported - ignored.
WARNING (001976): fcb.line, ARC entity group 370 unknown/not supported - ignored.
ARC: layer="0", c=(190500,-139700), r=20320, start=180.0ø, end=270.0ø
LINE entity, line 1994
WARNING (002004): LINE/3DLINE entity group 6 unknown/not supported - ignored.
WARNING (002008): LINE/3DLINE entity group 370 unknown/not supported - ignored.
LINE: layer="0", p1=(190500,-160020), p2=(257754,-160020)
ARC entity, line 2024
WARNING (002034): fcb.line, ARC entity group 6 unknown/not supported - ignored.
WARNING (002038): fcb.line, ARC entity group 370 unknown/not supported - ignored.
ARC: layer="0", c=(257754,-134620), r=25400, start=270.0ø, end=283.4ø
LINE entity, line 2056
WARNING (002066): LINE/3DLINE entity group 6 unknown/not supported - ignored.
WARNING (002070): LINE/3DLINE entity group 370 unknown/not supported - ignored.
LINE: layer="0", p1=(263637,-159329), p2=(328463,-143894)
ARC entity, line 2086
WARNING (002096): fcb.line, ARC entity group 6 unknown/not supported - ignored.
WARNING (002100): fcb.line, ARC entity group 370 unknown/not supported - ignored.
ARC: layer="0", c=(322580,-119185), r=25400, start=283.4ø, end=0.0ø
LINE entity, line 2118
WARNING (002128): LINE/3DLINE entity group 6 unknown/not supported - ignored.
WARNING (002132): LINE/3DLINE entity group 370 unknown/not supported - ignored.
LINE: layer="0", p1=(347980,-119185), p2=(347980,119185)
ARC entity, line 2148
WARNING (002158): fcb.line, ARC entity group 6 unknown/not supported - ignored.
WARNING (002162): fcb.line, ARC entity group 370 unknown/not supported - ignored.
ARC: layer="0", c=(322580,119185), r=25400, start=0.0ø, end=76.6ø
LINE entity, line 2180
WARNING (002190): LINE/3DLINE entity group 6 unknown/not supported - ignored.
WARNING (002194): LINE/3DLINE entity group 370 unknown/not supported - ignored.
LINE: layer="0", p1=(328463,143894), p2=(263637,159329)
ARC entity, line 2210
WARNING (002220): fcb.line, ARC entity group 6 unknown/not supported - ignored.
WARNING (002224): fcb.line, ARC entity group 370 unknown/not supported - ignored.
ARC: layer="0", c=(257754,134620), r=25400, start=76.6ø, end=90.0ø
LINE entity, line 2242
WARNING (002252): LINE/3DLINE entity group 6 unknown/not supported - ignored.
WARNING (002256): LINE/3DLINE entity group 370 unknown/not supported - ignored.
LINE: layer="0", p1=(257754,160020), p2=(190500,160020)
CIRCLE entity, line 2272
WARNING (002282): CIRCLE entity group 6 unknown/not supported - ignored.
WARNING (002286): CIRCLE entity group 370 unknown/not supported - ignored.
CIRCLE: layer="0", c=(309880,-109220), r=3810
CIRCLE entity, line 2298
WARNING (002308): CIRCLE entity group 6 unknown/not supported - ignored.
WARNING (002312): CIRCLE entity group 370 unknown/not supported - ignored.
CIRCLE: layer="0", c=(190500,139700), r=3810
CIRCLE entity, line 2324
WARNING (002334): CIRCLE entity group 6 unknown/not supported - ignored.
WARNING (002338): CIRCLE entity group 370 unknown/not supported - ignored.
CIRCLE: layer="0", c=(271780,0), r=3810
ARC entity, line 2350
WARNING (002360): fcb.line, ARC entity group 6 unknown/not supported - ignored.
WARNING (002364): fcb.line, ARC entity group 370 unknown/not supported - ignored.
ARC: layer="0", c=(218237,0), r=2540, start=90.0ø, end=270.0ø
LINE entity, line 2382
WARNING (002392): LINE/3DLINE entity group 6 unknown/not supported - ignored.
WARNING (002396): LINE/3DLINE entity group 370 unknown/not supported - ignored.
LINE: layer="0", p1=(243637,2540), p2=(218237,2540)
ARC entity, line 2412
WARNING (002422): fcb.line, ARC entity group 6 unknown/not supported - ignored.
WARNING (002426): fcb.line, ARC entity group 370 unknown/not supported - ignored.
ARC: layer="0", c=(243637,0), r=2540, start=270.0ø, end=90.0ø
LINE entity, line 2444
WARNING (002454): LINE/3DLINE entity group 6 unknown/not supported - ignored.
WARNING (002458): LINE/3DLINE entity group 370 unknown/not supported - ignored.
LINE: layer="0", p1=(218237,-2540), p2=(243637,-2540)
MTEXT entity, line 2474
WARNING (002474): Entity expected, found 'MTEXT' - ignored.
MTEXT entity, line 2512
WARNING (002512): Entity expected, found 'MTEXT' - ignored.
EXPORT ARC: Unmapped arc: o=(190500,139700), r=20320, sa=90.0ø, ea=180.0ø.
EXPORT ARC: CTM: o=(0,0), rot=0.0ø, xscale=1.000000, yscale=1.000000
LINEARISING: c1=(0,20320) max=101
   c1=(0,20320), c2=(-10160,10160), c3=(-20320,0), cs=90.0ø, cm=135.0ø, ce=180.0ø, pt=(-14368,14368), d=5951
   c1=(0,20320), c2=(-7184,17344), c3=(-14368,14368), cs=90.0ø, cm=112.5ø, ce=135.0ø, pt=(-7776,18773), d=1546
   c1=(0,20320), c2=(-3888,19546), c3=(-7776,18773), cs=90.0ø, cm=101.2ø, ce=112.5ø, pt=(-3947,19933), d=391
   c1=(0,20320), c2=(-1973,20126), c3=(-3947,19933), cs=90.0ø, cm=95.6ø, ce=101.2ø, pt=(-1983,20223), d=97
LINEARISING DONE. c3=(-3947,19933) cs=101.2ø (end=180.0)
LINEARISING: c1=(-3947,19933) max=101
   c1=(-3947,19933), c2=(-12133,9966), c3=(-20320,0), cs=101.2ø, cm=140.6ø, ce=180.0ø, pt=(-15702,12898), d=4618
   c1=(-3947,19933), c2=(-9824,16415), c3=(-15702,12898), cs=101.2ø, cm=120.9ø, ce=140.6ø, pt=(-10435,17436), d=1189
   c1=(-3947,19933), c2=(-7191,18684), c3=(-10435,17436), cs=101.2ø, cm=111.0ø, ce=120.9ø, pt=(-7282,18970), d=300
   c1=(-3947,19933), c2=(-5614,19451), c3=(-7282,18970), cs=101.2ø, cm=106.1ø, ce=111.0ø, pt=(-5635,19523), d=75
LINEARISING DONE. c3=(-7282,18970) cs=111.0ø (end=180.0)
LINEARISING: c1=(-7282,18970) max=101
   c1=(-7282,18970), c2=(-13801,9485), c3=(-20320,0), cs=111.0ø, cm=145.5ø, ce=180.0ø, pt=(-16746,11509), d=3573
   c1=(-7282,18970), c2=(-12014,15239), c3=(-16746,11509), cs=111.0ø, cm=128.2ø, ce=145.5ø, pt=(-12566,15969), d=915
   c1=(-7282,18970), c2=(-9924,17469), c3=(-12566,15969), cs=111.0ø, cm=119.6ø, ce=128.2ø, pt=(-10037,17668), d=228
   c1=(-7282,18970), c2=(-8659,18319), c3=(-10037,17668), cs=111.0ø, cm=115.3ø, ce=119.6ø, pt=(-8684,18371), d=57
LINEARISING DONE. c3=(-10037,17668) cs=119.6ø (end=180.0)
LINEARISING: c1=(-10037,17668) max=101
   c1=(-10037,17668), c2=(-15178,8834), c3=(-20320,0), cs=119.6ø, cm=149.8ø, ce=180.0ø, pt=(-17562,10221), d=2758
   c1=(-10037,17668), c2=(-13799,13944), c3=(-17562,10221), cs=119.6ø, cm=134.7ø, ce=149.8ø, pt=(-14293,14443), d=702
   c1=(-10037,17668), c2=(-12165,16055), c3=(-14293,14443), cs=119.6ø, cm=127.1ø, ce=134.7ø, pt=(-12257,16207), d=177
   c1=(-10037,17668), c2=(-11147,16937), c3=(-12257,16207), cs=119.6ø, cm=123.3ø, ce=127.1ø, pt=(-11156,16984), d=47
LINEARISING DONE. c3=(-12257,16207) cs=127.1ø (end=180.0)
LINEARISING: c1=(-12257,16207) max=101
   c1=(-12257,16207), c2=(-16288,8103), c3=(-20320,0), cs=127.1ø, cm=153.5ø, ce=180.0ø, pt=(-18185,9067), d=2127
   c1=(-12257,16207), c2=(-15221,12637), c3=(-18185,9067), cs=127.1ø, cm=140.3ø, ce=153.5ø, pt=(-15634,12980), d=536
   c1=(-12257,16207), c2=(-13945,14593), c3=(-15634,12980), cs=127.1ø, cm=133.7ø, ce=140.3ø, pt=(-14039,14691), d=135
   c1=(-12257,16207), c2=(-13148,15449), c3=(-14039,14691), cs=127.1ø, cm=130.4ø, ce=133.7ø, pt=(-13170,15474), d=33
LINEARISING DONE. c3=(-14039,14691) cs=133.7ø (end=180.0)
LINEARISING: c1=(-14039,14691) max=101
   c1=(-14039,14691), c2=(-17179,7345), c3=(-20320,0), cs=133.7ø, cm=156.8ø, ce=180.0ø, pt=(-18677,8005), d=1636
   c1=(-14039,14691), c2=(-16358,11348), c3=(-18677,8005), cs=133.7ø, cm=145.2ø, ce=156.8ø, pt=(-16686,11597), d=411
   c1=(-14039,14691), c2=(-15362,13144), c3=(-16686,11597), cs=133.7ø, cm=139.4ø, ce=145.2ø, pt=(-15428,13224), d=103
   c1=(-14039,14691), c2=(-14733,13957), c3=(-15428,13224), cs=133.7ø, cm=136.5ø, ce=139.4ø, pt=(-14740,13987), d=30
LINEARISING DONE. c3=(-15428,13224) cs=139.4ø (end=180.0)
LINEARISING: c1=(-15428,13224) max=101
   c1=(-15428,13224), c2=(-17874,6612), c3=(-20320,0), cs=139.4ø, cm=159.7ø, ce=180.0ø, pt=(-19058,7050), d=1262
   c1=(-15428,13224), c2=(-17243,10137), c3=(-19058,7050), cs=139.4ø, cm=149.5ø, ce=159.7ø, pt=(-17508,10313), d=318
   c1=(-15428,13224), c2=(-16468,11768), c3=(-17508,10313), cs=139.4ø, cm=144.4ø, ce=149.5ø, pt=(-16522,11829), d=81
LINEARISING DONE. c3=(-17508,10313) cs=149.5ø (end=180.0)
LINEARISING: c1=(-17508,10313) max=101
   c1=(-17508,10313), c2=(-18914,5156), c3=(-20320,0), cs=149.5ø, cm=164.7ø, ce=180.0ø, pt=(-19600,5362), d=716
   c1=(-17508,10313), c2=(-18554,7837), c3=(-19600,5362), cs=149.5ø, cm=157.1ø, ce=164.7ø, pt=(-18718,7907), d=178
   c1=(-17508,10313), c2=(-18113,9110), c3=(-18718,7907), cs=149.5ø, cm=153.3ø, ce=157.1ø, pt=(-18153,9130), d=44
LINEARISING DONE. c3=(-18718,7907) cs=157.1ø (end=180.0)
LINEARISING: c1=(-18718,7907) max=101
   c1=(-18718,7907), c2=(-19519,3953), c3=(-20320,0), cs=157.1ø, cm=168.5ø, ce=180.0ø, pt=(-19912,4051), d=405
   c1=(-18718,7907), c2=(-19315,5979), c3=(-19912,4051), cs=157.1ø, cm=162.8ø, ce=168.5ø, pt=(-19411,6009), d=100
LINEARISING DONE. c3=(-19912,4051) cs=168.5ø (end=180.0)
LINEARISING: c1=(-19912,4051) max=101
   c1=(-19912,4051), c2=(-20116,2025), c3=(-20320,0), cs=168.5ø, cm=174.2ø, ce=180.0ø, pt=(-20216,2053), d=103
   c1=(-19912,4051), c2=(-20064,3052), c3=(-20216,2053), cs=168.5ø, cm=171.3ø, ce=174.2ø, pt=(-20086,3074), d=31
LINEARISING DONE. c3=(-20216,2053) cs=174.2ø (end=180.0)
LINEARISING: c1=(-20216,2053) max=101
   c1=(-20216,2053), c2=(-20268,1026), c3=(-20320,0), cs=174.2ø, cm=177.1ø, ce=180.0ø, pt=(-20294,1028), d=26
LINEARISING DONE. c3=(-20320,0) cs=180.0ø (end=180.0)
EXPORT ARC: Arc linearised to 13 points.
EXPORT ARC: Unmapped arc: o=(190500,-139700), r=20320, sa=180.0ø, ea=270.0ø.
EXPORT ARC: CTM: o=(0,0), rot=0.0ø, xscale=1.000000, yscale=1.000000
LINEARISING: c1=(-20320,0) max=101
   c1=(-20320,0), c2=(-10160,-10160), c3=(0,-20320), cs=180.0ø, cm=225.0ø, ce=270.0ø, pt=(-14368,-14368), d=5951
   c1=(-20320,0), c2=(-17344,-7184), c3=(-14368,-14368), cs=180.0ø, cm=202.5ø, ce=225.0ø, pt=(-18773,-7776), d=1546
   c1=(-20320,0), c2=(-19546,-3888), c3=(-18773,-7776), cs=180.0ø, cm=191.2ø, ce=202.5ø, pt=(-19933,-3947), d=391
   c1=(-20320,0), c2=(-20126,-1973), c3=(-19933,-3947), cs=180.0ø, cm=185.6ø, ce=191.2ø, pt=(-20223,-1983), d=97
LINEARISING DONE. c3=(-19933,-3947) cs=191.2ø (end=270.0)
LINEARISING: c1=(-19933,-3947) max=101
   c1=(-19933,-3947), c2=(-9966,-12133), c3=(0,-20320), cs=191.2ø, cm=230.6ø, ce=270.0ø, pt=(-12898,-15702), d=4618
   c1=(-19933,-3947), c2=(-16415,-9824), c3=(-12898,-15702), cs=191.2ø, cm=210.9ø, ce=230.6ø, pt=(-17436,-10435), d=1189
   c1=(-19933,-3947), c2=(-18684,-7191), c3=(-17436,-10435), cs=191.2ø, cm=201.0ø, ce=210.9ø, pt=(-18970,-7282), d=300
   c1=(-19933,-3947), c2=(-19451,-5614), c3=(-18970,-7282), cs=191.2ø, cm=196.1ø, ce=201.0ø, pt=(-19523,-5635), d=75
LINEARISING DONE. c3=(-18970,-7282) cs=201.0ø (end=270.0)
LINEARISING: c1=(-18970,-7282) max=101
   c1=(-18970,-7282), c2=(-9485,-13801), c3=(0,-20320), cs=201.0ø, cm=235.5ø, ce=270.0ø, pt=(-11509,-16746), d=3573
   c1=(-18970,-7282), c2=(-15239,-12014), c3=(-11509,-16746), cs=201.0ø, cm=218.2ø, ce=235.5ø, pt=(-15969,-12566), d=915
   c1=(-18970,-7282), c2=(-17469,-9924), c3=(-15969,-12566), cs=201.0ø, cm=209.6ø, ce=218.2ø, pt=(-17668,-10037), d=228
   c1=(-18970,-7282), c2=(-18319,-8659), c3=(-17668,-10037), cs=201.0ø, cm=205.3ø, ce=209.6ø, pt=(-18371,-8684), d=57
LINEARISING DONE. c3=(-17668,-10037) cs=209.6ø (end=270.0)
LINEARISING: c1=(-17668,-10037) max=101
   c1=(-17668,-10037), c2=(-8834,-15178), c3=(0,-20320), cs=209.6ø, cm=239.8ø, ce=270.0ø, pt=(-10221,-17562), d=2758
   c1=(-17668,-10037), c2=(-13944,-13799), c3=(-10221,-17562), cs=209.6ø, cm=224.7ø, ce=239.8ø, pt=(-14443,-14293), d=702
   c1=(-17668,-10037), c2=(-16055,-12165), c3=(-14443,-14293), cs=209.6ø, cm=217.1ø, ce=224.7ø, pt=(-16207,-12257), d=177
   c1=(-17668,-10037), c2=(-16937,-11147), c3=(-16207,-12257), cs=209.6ø, cm=213.3ø, ce=217.1ø, pt=(-16984,-11156), d=47
LINEARISING DONE. c3=(-16207,-12257) cs=217.1ø (end=270.0)
LINEARISING: c1=(-16207,-12257) max=101
   c1=(-16207,-12257), c2=(-8103,-16288), c3=(0,-20320), cs=217.1ø, cm=243.5ø, ce=270.0ø, pt=(-9067,-18185), d=2127
   c1=(-16207,-12257), c2=(-12637,-15221), c3=(-9067,-18185), cs=217.1ø, cm=230.3ø, ce=243.5ø, pt=(-12980,-15634), d=536
   c1=(-16207,-12257), c2=(-14593,-13945), c3=(-12980,-15634), cs=217.1ø, cm=223.7ø, ce=230.3ø, pt=(-14691,-14039), d=135
   c1=(-16207,-12257), c2=(-15449,-13148), c3=(-14691,-14039), cs=217.1ø, cm=220.4ø, ce=223.7ø, pt=(-15474,-13170), d=33
LINEARISING DONE. c3=(-14691,-14039) cs=223.7ø (end=270.0)
LINEARISING: c1=(-14691,-14039) max=101
   c1=(-14691,-14039), c2=(-7345,-17179), c3=(0,-20320), cs=223.7ø, cm=246.8ø, ce=270.0ø, pt=(-8005,-18677), d=1636
   c1=(-14691,-14039), c2=(-11348,-16358), c3=(-8005,-18677), cs=223.7ø, cm=235.2ø, ce=246.8ø, pt=(-11597,-16686), d=411
   c1=(-14691,-14039), c2=(-13144,-15362), c3=(-11597,-16686), cs=223.7ø, cm=229.4ø, ce=235.2ø, pt=(-13224,-15428), d=103
   c1=(-14691,-14039), c2=(-13957,-14733), c3=(-13224,-15428), cs=223.7ø, cm=226.5ø, ce=229.4ø, pt=(-13987,-14740), d=30
LINEARISING DONE. c3=(-13224,-15428) cs=229.4ø (end=270.0)
LINEARISING: c1=(-13224,-15428) max=101
   c1=(-13224,-15428), c2=(-6612,-17874), c3=(0,-20320), cs=229.4ø, cm=249.7ø, ce=270.0ø, pt=(-7050,-19058), d=1262
   c1=(-13224,-15428), c2=(-10137,-17243), c3=(-7050,-19058), cs=229.4ø, cm=239.5ø, ce=249.7ø, pt=(-10313,-17508), d=318
   c1=(-13224,-15428), c2=(-11768,-16468), c3=(-10313,-17508), cs=229.4ø, cm=234.4ø, ce=239.5ø, pt=(-11829,-16522), d=81
LINEARISING DONE. c3=(-10313,-17508) cs=239.5ø (end=270.0)
LINEARISING: c1=(-10313,-17508) max=101
   c1=(-10313,-17508), c2=(-5156,-18914), c3=(0,-20320), cs=239.5ø, cm=254.7ø, ce=270.0ø, pt=(-5362,-19600), d=716
   c1=(-10313,-17508), c2=(-7837,-18554), c3=(-5362,-19600), cs=239.5ø, cm=247.1ø, ce=254.7ø, pt=(-7907,-18718), d=178
   c1=(-10313,-17508), c2=(-9110,-18113), c3=(-7907,-18718), cs=239.5ø, cm=243.3ø, ce=247.1ø, pt=(-9130,-18153), d=44
LINEARISING DONE. c3=(-7907,-18718) cs=247.1ø (end=270.0)
LINEARISING: c1=(-7907,-18718) max=101
   c1=(-7907,-18718), c2=(-3953,-19519), c3=(0,-20320), cs=247.1ø, cm=258.5ø, ce=270.0ø, pt=(-4051,-19912), d=405
   c1=(-7907,-18718), c2=(-5979,-19315), c3=(-4051,-19912), cs=247.1ø, cm=252.8ø, ce=258.5ø, pt=(-6009,-19411), d=100
LINEARISING DONE. c3=(-4051,-19912) cs=258.5ø (end=270.0)
LINEARISING: c1=(-4051,-19912) max=101
   c1=(-4051,-19912), c2=(-2025,-20116), c3=(0,-20320), cs=258.5ø, cm=264.2ø, ce=270.0ø, pt=(-2053,-20216), d=103
   c1=(-4051,-19912), c2=(-3052,-20064), c3=(-2053,-20216), cs=258.5ø, cm=261.3ø, ce=264.2ø, pt=(-3074,-20086), d=31
LINEARISING DONE. c3=(-2053,-20216) cs=264.2ø (end=270.0)
LINEARISING: c1=(-2053,-20216) max=101
   c1=(-2053,-20216), c2=(-1026,-20268), c3=(0,-20320), cs=264.2ø, cm=267.1ø, ce=270.0ø, pt=(-1028,-20294), d=26
LINEARISING DONE. c3=(0,-20320) cs=270.0ø (end=270.0)
EXPORT ARC: Arc linearised to 13 points.
EXPORT ARC: Unmapped arc: o=(257754,-134620), r=25400, sa=270.0ø, ea=283.4ø.
EXPORT ARC: CTM: o=(0,0), rot=0.0ø, xscale=1.000000, yscale=1.000000
LINEARISING: c1=(0,-25400) max=127
   c1=(0,-25400), c2=(2943,-25054), c3=(5886,-24709), cs=270.0ø, cm=276.7ø, ce=283.4ø, pt=(2963,-25227), d=174
   c1=(0,-25400), c2=(1481,-25313), c3=(2963,-25227), cs=270.0ø, cm=273.3ø, ce=276.7ø, pt=(1462,-25358), d=48
LINEARISING DONE. c3=(2963,-25227) cs=276.7ø (end=283.4)
LINEARISING: c1=(2963,-25227) max=127
   c1=(2963,-25227), c2=(4424,-24968), c3=(5886,-24709), cs=276.7ø, cm=280.0ø, ce=283.4ø, pt=(4411,-25014), d=47
LINEARISING DONE. c3=(5886,-24709) cs=283.4ø (end=283.4)
EXPORT ARC: Arc linearised to 4 points.
EXPORT ARC: Unmapped arc: o=(322580,-119185), r=25400, sa=283.4ø, ea=  0.0ø.
EXPORT ARC: CTM: o=(0,0), rot=0.0ø, xscale=1.000000, yscale=1.000000
LINEARISING: c1=(5886,-24709) max=127
   c1=(5886,-24709), c2=(15643,-12354), c3=(25400,0), cs=283.4ø, cm=321.7ø, ce=360.0ø, pt=(19933,-15742), d=5466
   c1=(5886,-24709), c2=(12909,-20225), c3=(19933,-15742), cs=283.4ø, cm=302.5ø, ce=321.7ø, pt=(13647,-21422), d=1406
   c1=(5886,-24709), c2=(9766,-23065), c3=(13647,-21422), cs=283.4ø, cm=292.9ø, ce=302.5ø, pt=(9884,-23398), d=353
   c1=(5886,-24709), c2=(7885,-24053), c3=(9884,-23398), cs=283.4ø, cm=288.1ø, ce=292.9ø, pt=(7891,-24143), d=90
LINEARISING DONE. c3=(9884,-23398) cs=292.9ø (end=360.0)
LINEARISING: c1=(9884,-23398) max=127
   c1=(9884,-23398), c2=(17642,-11699), c3=(25400,0), cs=292.9ø, cm=326.4ø, ce=360.0ø, pt=(21156,-14056), d=4231
   c1=(9884,-23398), c2=(15520,-18727), c3=(21156,-14056), cs=292.9ø, cm=309.6ø, ce=326.4ø, pt=(16191,-19571), d=1078
   c1=(9884,-23398), c2=(13037,-21484), c3=(16191,-19571), cs=292.9ø, cm=301.2ø, ce=309.6ø, pt=(13158,-21726), d=270
   c1=(9884,-23398), c2=(11521,-22562), c3=(13158,-21726), cs=292.9ø, cm=297.0ø, ce=301.2ø, pt=(11531,-22632), d=70
LINEARISING DONE. c3=(13158,-21726) cs=301.2ø (end=360.0)
LINEARISING: c1=(13158,-21726) max=127
   c1=(13158,-21726), c2=(19279,-10863), c3=(25400,0), cs=301.2ø, cm=330.6ø, ce=360.0ø, pt=(22129,-12469), d=3271
   c1=(13158,-21726), c2=(17643,-17097), c3=(22129,-12469), cs=301.2ø, cm=315.9ø, ce=330.6ø, pt=(18240,-17676), d=831
   c1=(13158,-21726), c2=(15699,-19701), c3=(18240,-17676), cs=301.2ø, cm=308.5ø, ce=315.9ø, pt=(15812,-19878), d=209
   c1=(13158,-21726), c2=(14485,-20802), c3=(15812,-19878), cs=301.2ø, cm=304.8ø, ce=308.5ø, pt=(14496,-20857), d=56
LINEARISING DONE. c3=(15812,-19878) cs=308.5ø (end=360.0)
LINEARISING: c1=(15812,-19878) max=127
   c1=(15812,-19878), c2=(20606,-9939), c3=(25400,0), cs=308.5ø, cm=334.2ø, ce=360.0ø, pt=(22868,-11055), d=2522
   c1=(15812,-19878), c2=(19340,-15466), c3=(22868,-11055), cs=308.5ø, cm=321.3ø, ce=334.2ø, pt=(19823,-15881), d=636
   c1=(15812,-19878), c2=(17817,-17879), c3=(19823,-15881), cs=308.5ø, cm=314.9ø, ce=321.3ø, pt=(17929,-17992), d=159
   c1=(15812,-19878), c2=(16870,-18935), c3=(17929,-17992), cs=308.5ø, cm=311.7ø, ce=314.9ø, pt=(16897,-18965), d=40
LINEARISING DONE. c3=(17929,-17992) cs=314.9ø (end=360.0)
LINEARISING: c1=(17929,-17992) max=127
   c1=(17929,-17992), c2=(21664,-8996), c3=(25400,0), cs=314.9ø, cm=337.4ø, ce=360.0ø, pt=(23450,-9761), d=1942
   c1=(17929,-17992), c2=(20689,-13876), c3=(23450,-9761), cs=314.9ø, cm=326.1ø, ce=337.4ø, pt=(21082,-14167), d=489
   c1=(17929,-17992), c2=(19505,-16079), c3=(21082,-14167), cs=314.9ø, cm=320.5ø, ce=326.1ø, pt=(19599,-16156), d=121
LINEARISING DONE. c3=(21082,-14167) cs=326.1ø (end=360.0)
LINEARISING: c1=(21082,-14167) max=127
   c1=(21082,-14167), c2=(23241,-7083), c3=(25400,0), cs=326.1ø, cm=343.0ø, ce=360.0ø, pt=(24290,-7426), d=1103
   c1=(21082,-14167), c2=(22686,-10796), c3=(24290,-7426), cs=326.1ø, cm=334.5ø, ce=343.0ø, pt=(22926,-10935), d=277
   c1=(21082,-14167), c2=(22004,-12551), c3=(22926,-10935), cs=326.1ø, cm=330.3ø, ce=334.5ø, pt=(22063,-12585), d=68
LINEARISING DONE. c3=(22926,-10935) cs=334.5ø (end=360.0)
LINEARISING: c1=(22926,-10935) max=127
   c1=(22926,-10935), c2=(24163,-5467), c3=(25400,0), cs=334.5ø, cm=347.2ø, ce=360.0ø, pt=(24769,-5627), d=626
   c1=(22926,-10935), c2=(23847,-8281), c3=(24769,-5627), cs=334.5ø, cm=340.8ø, ce=347.2ø, pt=(23987,-8353), d=157
   c1=(22926,-10935), c2=(23456,-9644), c3=(23987,-8353), cs=334.5ø, cm=337.6ø, ce=340.8ø, pt=(23483,-9679), d=44
LINEARISING DONE. c3=(23987,-8353) cs=340.8ø (end=360.0)
LINEARISING: c1=(23987,-8353) max=127
   c1=(23987,-8353), c2=(24693,-4176), c3=(25400,0), cs=340.8ø, cm=350.4ø, ce=360.0ø, pt=(25044,-4236), d=356
   c1=(23987,-8353), c2=(24515,-6294), c3=(25044,-4236), cs=340.8ø, cm=345.6ø, ce=350.4ø, pt=(24602,-6317), d=89
LINEARISING DONE. c3=(25044,-4236) cs=350.4ø (end=360.0)
LINEARISING: c1=(25044,-4236) max=127
   c1=(25044,-4236), c2=(25222,-2118), c3=(25400,0), cs=350.4ø, cm=355.2ø, ce=360.0ø, pt=(25311,-2125), d=89
LINEARISING DONE. c3=(25400,0) cs=360.0ø (end=360.0)
EXPORT ARC: Arc linearised to 11 points.
EXPORT ARC: Unmapped arc: o=(322580,119185), r=25400, sa=0.0ø, ea= 76.6ø.
EXPORT ARC: CTM: o=(0,0), rot=0.0ø, xscale=1.000000, yscale=1.000000
LINEARISING: c1=(25400,0) max=127
   c1=(25400,0), c2=(15643,12354), c3=(5886,24709), cs=0.0ø, cm=38.3ø, ce=76.6ø, pt=(19933,15742), d=5466
   c1=(25400,0), c2=(22666,7871), c3=(19933,15742), cs=0.0ø, cm=19.1ø, ce=38.3ø, pt=(24002,8311), d=1406
   c1=(25400,0), c2=(24701,4155), c3=(24002,8311), cs=0.0ø, cm=9.5ø, ce=19.1ø, pt=(25052,4192), d=352
   c1=(25400,0), c2=(25226,2096), c3=(25052,4192), cs=0.0ø, cm=4.7ø, ce=9.5ø, pt=(25315,2081), d=90
LINEARISING DONE. c3=(25052,4192) cs=9.5ø (end=76.6)
LINEARISING: c1=(25052,4192) max=127
   c1=(25052,4192), c2=(15469,14450), c3=(5886,24709), cs=9.5ø, cm=43.0ø, ce=76.6ø, pt=(18576,17323), d=4231
   c1=(25052,4192), c2=(21814,10757), c3=(18576,17323), cs=9.5ø, cm=26.2ø, ce=43.0ø, pt=(22790,11214), d=1077
   c1=(25052,4192), c2=(23921,7703), c3=(22790,11214), cs=9.5ø, cm=17.8ø, ce=26.2ø, pt=(24184,7765), d=270
   c1=(25052,4192), c2=(24618,5978), c3=(24184,7765), cs=9.5ø, cm=13.6ø, ce=17.8ø, pt=(24688,5973), d=70
LINEARISING DONE. c3=(24184,7765) cs=17.8ø (end=76.6)
LINEARISING: c1=(24184,7765) max=127
   c1=(24184,7765), c2=(15035,16237), c3=(5886,24709), cs=17.8ø, cm=47.2ø, ce=76.6ø, pt=(17258,18637), d=3271
   c1=(24184,7765), c2=(20721,13201), c3=(17258,18637), cs=17.8ø, cm=32.5ø, ce=47.2ø, pt=(21422,13647), d=830
   c1=(24184,7765), c2=(22803,10706), c3=(21422,13647), cs=17.8ø, cm=25.1ø, ce=32.5ø, pt=(23001,10775), d=209
   c1=(24184,7765), c2=(23592,9270), c3=(23001,10775), cs=17.8ø, cm=21.4ø, ce=25.1ø, pt=(23649,9268), d=57
LINEARISING DONE. c3=(23001,10775) cs=25.1ø (end=76.6)
LINEARISING: c1=(23001,10775) max=127
   c1=(23001,10775), c2=(14443,17742), c3=(5886,24709), cs=25.1ø, cm=50.8ø, ce=76.6ø, pt=(16054,19684), d=2523
   c1=(23001,10775), c2=(19527,15229), c3=(16054,19684), cs=25.1ø, cm=37.9ø, ce=50.8ø, pt=(20043,15603), d=637
   c1=(23001,10775), c2=(21522,13189), c3=(20043,15603), cs=25.1ø, cm=31.5ø, ce=37.9ø, pt=(21657,13271), d=157
   c1=(23001,10775), c2=(22329,12023), c3=(21657,13271), cs=25.1ø, cm=28.3ø, ce=31.5ø, pt=(22364,12042), d=39
LINEARISING DONE. c3=(21657,13271) cs=31.5ø (end=76.6)
LINEARISING: c1=(21657,13271) max=127
   c1=(21657,13271), c2=(13771,18990), c3=(5886,24709), cs=31.5ø, cm=54.0ø, ce=76.6ø, pt=(14930,20549), d=1942
   c1=(21657,13271), c2=(18293,16910), c3=(14930,20549), cs=31.5ø, cm=42.7ø, ce=54.0ø, pt=(18667,17225), d=488
   c1=(21657,13271), c2=(20162,15248), c3=(18667,17225), cs=31.5ø, cm=37.1ø, ce=42.7ø, pt=(20259,15321), d=121
LINEARISING DONE. c3=(18667,17225) cs=42.7ø (end=76.6)
LINEARISING: c1=(18667,17225) max=127
   c1=(18667,17225), c2=(12276,20967), c3=(5886,24709), cs=42.7ø, cm=59.6ø, ce=76.6ø, pt=(12853,21908), d=1103
   c1=(18667,17225), c2=(15760,19566), c3=(12853,21908), cs=42.7ø, cm=51.1ø, ce=59.6ø, pt=(15950,19767), d=276
   c1=(18667,17225), c2=(17308,18496), c3=(15950,19767), cs=42.7ø, cm=46.9ø, ce=51.1ø, pt=(17355,18546), d=68
LINEARISING DONE. c3=(15950,19767) cs=51.1ø (end=76.6)
LINEARISING: c1=(15950,19767) max=127
   c1=(15950,19767), c2=(10918,22238), c3=(5886,24709), cs=51.1ø, cm=63.8ø, ce=76.6ø, pt=(11214,22790), d=626
   c1=(15950,19767), c2=(13582,21278), c3=(11214,22790), cs=51.1ø, cm=57.4ø, ce=63.8ø, pt=(13685,21398), d=158
   c1=(15950,19767), c2=(14817,20582), c3=(13685,21398), cs=51.1ø, cm=54.2ø, ce=57.4ø, pt=(14858,20601), d=45
LINEARISING DONE. c3=(13685,21398) cs=57.4ø (end=76.6)
LINEARISING: c1=(13685,21398) max=127
   c1=(13685,21398), c2=(9785,23053), c3=(5886,24709), cs=57.4ø, cm=67.0ø, ce=76.6ø, pt=(9925,23381), d=356
   c1=(13685,21398), c2=(11805,22389), c3=(9925,23381), cs=57.4ø, cm=62.2ø, ce=67.0ø, pt=(11846,22468), d=89
LINEARISING DONE. c3=(9925,23381) cs=67.0ø (end=76.6)
LINEARISING: c1=(9925,23381) max=127
   c1=(9925,23381), c2=(7905,24045), c3=(5886,24709), cs=67.0ø, cm=71.8ø, ce=76.6ø, pt=(7933,24129), d=88
LINEARISING DONE. c3=(5886,24709) cs=76.6ø (end=76.6)
EXPORT ARC: Arc linearised to 11 points.
EXPORT ARC: Unmapped arc: o=(257754,134620), r=25400, sa=76.6ø, ea= 90.0ø.
EXPORT ARC: CTM: o=(0,0), rot=0.0ø, xscale=1.000000, yscale=1.000000
LINEARISING: c1=(5886,24709) max=127
   c1=(5886,24709), c2=(2943,25054), c3=(0,25400), cs=76.6ø, cm=83.3ø, ce=90.0ø, pt=(2963,25227), d=174
   c1=(5886,24709), c2=(4424,24968), c3=(2963,25227), cs=76.6ø, cm=79.9ø, ce=83.3ø, pt=(4454,25006), d=48
LINEARISING DONE. c3=(2963,25227) cs=83.3ø (end=90.0)
LINEARISING: c1=(2963,25227) max=127
   c1=(2963,25227), c2=(1481,25313), c3=(0,25400), cs=83.3ø, cm=86.6ø, ce=90.0ø, pt=(1506,25355), d=48
LINEARISING DONE. c3=(0,25400) cs=90.0ø (end=90.0)
EXPORT ARC: Arc linearised to 4 points.
EXPORT ARC: Unmapped arc: o=(218237,0), r=2540, sa=90.0ø, ea=270.0ø.
EXPORT ARC: CTM: o=(0,0), rot=0.0ø, xscale=1.000000, yscale=1.000000
LINEARISING: c1=(0,2540) max=12
   c1=(0,2540), c2=(-1270,1270), c3=(-2540,0), cs=90.0ø, cm=135.0ø, ce=180.0ø, pt=(-1796,1796), d=743
   c1=(0,2540), c2=(-898,2168), c3=(-1796,1796), cs=90.0ø, cm=112.5ø, ce=135.0ø, pt=(-972,2347), d=193
   c1=(0,2540), c2=(-486,2443), c3=(-972,2347), cs=90.0ø, cm=101.2ø, ce=112.5ø, pt=(-493,2492), d=49
   c1=(0,2540), c2=(-246,2516), c3=(-493,2492), cs=90.0ø, cm=95.6ø, ce=101.2ø, pt=(-248,2528), d=12
LINEARISING DONE. c3=(-493,2492) cs=101.2ø (end=270.0)
LINEARISING: c1=(-493,2492) max=12
   c1=(-493,2492), c2=(-1492,999), c3=(-2492,-493), cs=101.2ø, cm=146.2ø, ce=191.2ø, pt=(-2111,1413), d=744
   c1=(-493,2492), c2=(-1302,1952), c3=(-2111,1413), cs=101.2ø, cm=123.7ø, ce=146.2ø, pt=(-1409,2113), d=193
   c1=(-493,2492), c2=(-951,2302), c3=(-1409,2113), cs=101.2ø, cm=112.4ø, ce=123.7ø, pt=(-968,2348), d=49
   c1=(-493,2492), c2=(-730,2420), c3=(-968,2348), cs=101.2ø, cm=106.8ø, ce=112.4ø, pt=(-734,2432), d=12
LINEARISING DONE. c3=(-968,2348) cs=112.4ø (end=270.0)
LINEARISING: c1=(-968,2348) max=12
   c1=(-968,2348), c2=(-1658,690), c3=(-2348,-968), cs=112.4ø, cm=157.4ø, ce=202.4ø, pt=(-2345,976), d=744
   c1=(-968,2348), c2=(-1656,1662), c3=(-2345,976), cs=112.4ø, cm=134.9ø, ce=157.4ø, pt=(-1793,1799), d=193
   c1=(-968,2348), c2=(-1380,2073), c3=(-1793,1799), cs=112.4ø, cm=123.6ø, ce=134.9ø, pt=(-1406,2116), d=50
   c1=(-968,2348), c2=(-1187,2232), c3=(-1406,2116), cs=112.4ø, cm=118.0ø, ce=123.6ø, pt=(-1192,2243), d=12
LINEARISING DONE. c3=(-1406,2116) cs=123.6ø (end=270.0)
LINEARISING: c1=(-1406,2116) max=12
   c1=(-1406,2116), c2=(-1761,355), c3=(-2116,-1406), cs=123.6ø, cm=168.6ø, ce=213.6ø, pt=(-2490,502), d=743
   c1=(-1406,2116), c2=(-1948,1309), c3=(-2490,502), cs=123.6ø, cm=146.1ø, ce=168.6ø, pt=(-2108,1417), d=193
   c1=(-1406,2116), c2=(-1757,1766), c3=(-2108,1417), cs=123.6ø, cm=134.8ø, ce=146.1ø, pt=(-1790,1802), d=48
   c1=(-1406,2116), c2=(-1598,1959), c3=(-1790,1802), cs=123.6ø, cm=129.2ø, ce=134.8ø, pt=(-1605,1968), d=11
LINEARISING DONE. c3=(-1790,1802) cs=134.8ø (end=270.0)
LINEARISING: c1=(-1790,1802) max=12
   c1=(-1790,1802), c2=(-1796,6), c3=(-1802,-1790), cs=134.8ø, cm=179.8ø, ce=224.8ø, pt=(-2540,9), d=744
   c1=(-1790,1802), c2=(-2165,905), c3=(-2540,9), cs=134.8ø, cm=157.3ø, ce=179.8ø, pt=(-2343,980), d=193
   c1=(-1790,1802), c2=(-2066,1391), c3=(-2343,980), cs=134.8ø, cm=146.0ø, ce=157.3ø, pt=(-2106,1420), d=49
   c1=(-1790,1802), c2=(-1948,1611), c3=(-2106,1420), cs=134.8ø, cm=140.4ø, ce=146.0ø, pt=(-1957,1619), d=12
LINEARISING DONE. c3=(-2106,1420) cs=146.0ø (end=270.0)
LINEARISING: c1=(-2106,1420) max=12
   c1=(-2106,1420), c2=(-1763,-343), c3=(-1420,-2106), cs=146.0ø, cm=191.0ø, ce=236.0ø, pt=(-2493,-485), d=743
   c1=(-2106,1420), c2=(-2299,467), c3=(-2493,-485), cs=146.0ø, cm=168.5ø, ce=191.0ø, pt=(-2489,506), d=193
   c1=(-2106,1420), c2=(-2297,963), c3=(-2489,506), cs=146.0ø, cm=157.2ø, ce=168.5ø, pt=(-2342,984), d=49
   c1=(-2106,1420), c2=(-2224,1202), c3=(-2342,984), cs=146.0ø, cm=151.6ø, ce=157.2ø, pt=(-2234,1208), d=11
LINEARISING DONE. c3=(-2342,984) cs=157.2ø (end=270.0)
LINEARISING: c1=(-2342,984) max=12
   c1=(-2342,984), c2=(-1663,-679), c3=(-984,-2342), cs=157.2ø, cm=202.2ø, ce=247.2ø, pt=(-2352,-960), d=744
   c1=(-2342,984), c2=(-2347,12), c3=(-2352,-960), cs=157.2ø, cm=179.7ø, ce=202.2ø, pt=(-2540,13), d=193
   c1=(-2342,984), c2=(-2441,498), c3=(-2540,13), cs=157.2ø, cm=168.4ø, ce=179.7ø, pt=(-2488,511), d=48
   c1=(-2342,984), c2=(-2415,747), c3=(-2488,511), cs=157.2ø, cm=162.8ø, ce=168.4ø, pt=(-2426,751), d=11
LINEARISING DONE. c3=(-2488,511) cs=168.4ø (end=270.0)
LINEARISING: c1=(-2488,511) max=12
   c1=(-2488,511), c2=(-1499,-988), c3=(-511,-2488), cs=168.4ø, cm=213.4ø, ce=258.4ø, pt=(-2121,-1398), d=744
   c1=(-2488,511), c2=(-2304,-443), c3=(-2121,-1398), cs=168.4ø, cm=190.9ø, ce=213.4ø, pt=(-2494,-480), d=193
   c1=(-2488,511), c2=(-2491,15), c3=(-2494,-480), cs=168.4ø, cm=179.6ø, ce=190.9ø, pt=(-2540,18), d=49
   c1=(-2488,511), c2=(-2514,264), c3=(-2540,18), cs=168.4ø, cm=174.0ø, ce=179.6ø, pt=(-2526,266), d=12
LINEARISING DONE. c3=(-2540,18) cs=179.6ø (end=270.0)
LINEARISING: c1=(-2540,18) max=12
   c1=(-2540,18), c2=(-1279,-1261), c3=(-18,-2540), cs=179.6ø, cm=224.6ø, ce=269.6ø, pt=(-1809,-1783), d=743
   c1=(-2540,18), c2=(-2174,-882), c3=(-1809,-1783), cs=179.6ø, cm=202.1ø, ce=224.6ø, pt=(-2353,-956), d=193
   c1=(-2540,18), c2=(-2446,-469), c3=(-2353,-956), cs=179.6ø, cm=190.8ø, ce=202.1ø, pt=(-2495,-476), d=49
   c1=(-2540,18), c2=(-2517,-229), c3=(-2495,-476), cs=179.6ø, cm=185.2ø, ce=190.8ø, pt=(-2530,-230), d=13
   c1=(-2540,18), c2=(-2535,-106), c3=(-2530,-230), cs=179.6ø, cm=182.4ø, ce=185.2ø, pt=(-2538,-106), d=3
LINEARISING DONE. c3=(-2530,-230) cs=185.2ø (end=270.0)
LINEARISING: c1=(-2530,-230) max=12
   c1=(-2530,-230), c2=(-1265,-1385), c3=(0,-2540), cs=185.2ø, cm=227.6ø, ce=270.0ø, pt=(-1713,-1876), d=664
   c1=(-2530,-230), c2=(-2121,-1053), c3=(-1713,-1876), cs=185.2ø, cm=206.4ø, ce=227.6ø, pt=(-2275,-1129), d=171
   c1=(-2530,-230), c2=(-2402,-679), c3=(-2275,-1129), cs=185.2ø, cm=195.8ø, ce=206.4ø, pt=(-2444,-692), d=43
   c1=(-2530,-230), c2=(-2487,-461), c3=(-2444,-692), cs=185.2ø, cm=190.5ø, ce=195.8ø, pt=(-2497,-463), d=10
LINEARISING DONE. c3=(-2444,-692) cs=195.8ø (end=270.0)
LINEARISING: c1=(-2444,-692) max=12
   c1=(-2444,-692), c2=(-1222,-1616), c3=(0,-2540), cs=195.8ø, cm=232.9ø, ce=270.0ø, pt=(-1532,-2026), d=514
   c1=(-2444,-692), c2=(-1988,-1359), c3=(-1532,-2026), cs=195.8ø, cm=214.3ø, ce=232.9ø, pt=(-2098,-1431), d=131
   c1=(-2444,-692), c2=(-2271,-1061), c3=(-2098,-1431), cs=195.8ø, cm=205.0ø, ce=214.3ø, pt=(-2302,-1073), d=33
   c1=(-2444,-692), c2=(-2373,-882), c3=(-2302,-1073), cs=195.8ø, cm=200.4ø, ce=205.0ø, pt=(-2381,-885), d=8
LINEARISING DONE. c3=(-2302,-1073) cs=205.0ø (end=270.0)
LINEARISING: c1=(-2302,-1073) max=12
   c1=(-2302,-1073), c2=(-1151,-1806), c3=(0,-2540), cs=205.0ø, cm=237.5ø, ce=270.0ø, pt=(-1365,-2142), d=398
   c1=(-2302,-1073), c2=(-1833,-1607), c3=(-1365,-2142), cs=205.0ø, cm=221.2ø, ce=237.5ø, pt=(-1911,-1673), d=102
   c1=(-2302,-1073), c2=(-2106,-1373), c3=(-1911,-1673), cs=205.0ø, cm=213.1ø, ce=221.2ø, pt=(-2128,-1387), d=26
   c1=(-2302,-1073), c2=(-2215,-1230), c3=(-2128,-1387), cs=205.0ø, cm=209.0ø, ce=213.1ø, pt=(-2222,-1231), d=7
LINEARISING DONE. c3=(-2128,-1387) cs=213.1ø (end=270.0)
LINEARISING: c1=(-2128,-1387) max=12
   c1=(-2128,-1387), c2=(-1064,-1963), c3=(0,-2540), cs=213.1ø, cm=241.5ø, ce=270.0ø, pt=(-1212,-2232), d=307
   c1=(-2128,-1387), c2=(-1670,-1809), c3=(-1212,-2232), cs=213.1ø, cm=227.3ø, ce=241.5ø, pt=(-1723,-1867), d=78
   c1=(-2128,-1387), c2=(-1925,-1627), c3=(-1723,-1867), cs=213.1ø, cm=220.2ø, ce=227.3ø, pt=(-1940,-1639), d=19
   c1=(-2128,-1387), c2=(-2034,-1513), c3=(-1940,-1639), cs=213.1ø, cm=216.6ø, ce=220.2ø, pt=(-2039,-1514), d=5
LINEARISING DONE. c3=(-1940,-1639) cs=220.2ø (end=270.0)
LINEARISING: c1=(-1940,-1639) max=12
   c1=(-1940,-1639), c2=(-970,-2089), c3=(0,-2540), cs=220.2ø, cm=245.1ø, ce=270.0ø, pt=(-1069,-2304), d=236
   c1=(-1940,-1639), c2=(-1504,-1971), c3=(-1069,-2304), cs=220.2ø, cm=232.6ø, ce=245.1ø, pt=(-1543,-2018), d=61
   c1=(-1940,-1639), c2=(-1741,-1828), c3=(-1543,-2018), cs=220.2ø, cm=226.4ø, ce=232.6ø, pt=(-1752,-1839), d=15
   c1=(-1940,-1639), c2=(-1846,-1739), c3=(-1752,-1839), cs=220.2ø, cm=223.3ø, ce=226.4ø, pt=(-1849,-1742), d=4
LINEARISING DONE. c3=(-1752,-1839) cs=226.4ø (end=270.0)
LINEARISING: c1=(-1752,-1839) max=12
   c1=(-1752,-1839), c2=(-876,-2189), c3=(0,-2540), cs=226.4ø, cm=248.2ø, ce=270.0ø, pt=(-943,-2358), d=181
   c1=(-1752,-1839), c2=(-1347,-2098), c3=(-943,-2358), cs=226.4ø, cm=237.3ø, ce=248.2ø, pt=(-1372,-2137), d=46
   c1=(-1752,-1839), c2=(-1562,-1988), c3=(-1372,-2137), cs=226.4ø, cm=231.8ø, ce=237.3ø, pt=(-1571,-1996), d=12
LINEARISING DONE. c3=(-1372,-2137) cs=237.3ø (end=270.0)
LINEARISING: c1=(-1372,-2137) max=12
   c1=(-1372,-2137), c2=(-686,-2338), c3=(0,-2540), cs=237.3ø, cm=253.6ø, ce=270.0ø, pt=(-717,-2437), d=103
   c1=(-1372,-2137), c2=(-1044,-2287), c3=(-717,-2437), cs=237.3ø, cm=245.4ø, ce=253.6ø, pt=(-1057,-2309), d=25
   c1=(-1372,-2137), c2=(-1214,-2223), c3=(-1057,-2309), cs=237.3ø, cm=241.3ø, ce=245.4ø, pt=(-1220,-2228), d=7
LINEARISING DONE. c3=(-1057,-2309) cs=245.4ø (end=270.0)
LINEARISING: c1=(-1057,-2309) max=12
   c1=(-1057,-2309), c2=(-528,-2424), c3=(0,-2540), cs=245.4ø, cm=257.7ø, ce=270.0ø, pt=(-541,-2482), d=59
   c1=(-1057,-2309), c2=(-799,-2395), c3=(-541,-2482), cs=245.4ø, cm=251.5ø, ce=257.7ø, pt=(-806,-2409), d=15
   c1=(-1057,-2309), c2=(-931,-2359), c3=(-806,-2409), cs=245.4ø, cm=248.4ø, ce=251.5ø, pt=(-935,-2362), d=5
LINEARISING DONE. c3=(-806,-2409) cs=251.5ø (end=270.0)
LINEARISING: c1=(-806,-2409) max=12
   c1=(-806,-2409), c2=(-403,-2474), c3=(0,-2540), cs=251.5ø, cm=260.7ø, ce=270.0ø, pt=(-410,-2507), d=33
   c1=(-806,-2409), c2=(-608,-2458), c3=(-410,-2507), cs=251.5ø, cm=256.1ø, ce=260.7ø, pt=(-610,-2466), d=8
LINEARISING DONE. c3=(-410,-2507) cs=260.7ø (end=270.0)
LINEARISING: c1=(-410,-2507) max=12
   c1=(-410,-2507), c2=(-205,-2523), c3=(0,-2540), cs=260.7ø, cm=265.3ø, ce=270.0ø, pt=(-208,-2531), d=8
LINEARISING DONE. c3=(0,-2540) cs=270.0ø (end=270.0)
EXPORT ARC: Arc linearised to 21 points.
EXPORT ARC: Unmapped arc: o=(243637,0), r=2540, sa=270.0ø, ea= 90.0ø.
EXPORT ARC: CTM: o=(0,0), rot=0.0ø, xscale=1.000000, yscale=1.000000
LINEARISING: c1=(0,-2540) max=12
   c1=(0,-2540), c2=(1270,-1270), c3=(2540,0), cs=270.0ø, cm=315.0ø, ce=360.0ø, pt=(1796,-1796), d=743
   c1=(0,-2540), c2=(898,-2168), c3=(1796,-1796), cs=270.0ø, cm=292.5ø, ce=315.0ø, pt=(972,-2347), d=193
   c1=(0,-2540), c2=(486,-2443), c3=(972,-2347), cs=270.0ø, cm=281.2ø, ce=292.5ø, pt=(493,-2492), d=49
   c1=(0,-2540), c2=(246,-2516), c3=(493,-2492), cs=270.0ø, cm=275.6ø, ce=281.2ø, pt=(248,-2528), d=12
LINEARISING DONE. c3=(493,-2492) cs=281.2ø (end=450.0)
LINEARISING: c1=(493,-2492) max=12
   c1=(493,-2492), c2=(1492,-999), c3=(2492,493), cs=281.2ø, cm=326.2ø, ce=371.2ø, pt=(2111,-1413), d=744
   c1=(493,-2492), c2=(1302,-1952), c3=(2111,-1413), cs=281.2ø, cm=303.7ø, ce=326.2ø, pt=(1409,-2113), d=193
   c1=(493,-2492), c2=(951,-2302), c3=(1409,-2113), cs=281.2ø, cm=292.4ø, ce=303.7ø, pt=(968,-2348), d=49
   c1=(493,-2492), c2=(730,-2420), c3=(968,-2348), cs=281.2ø, cm=286.8ø, ce=292.4ø, pt=(734,-2432), d=12
LINEARISING DONE. c3=(968,-2348) cs=292.4ø (end=450.0)
LINEARISING: c1=(968,-2348) max=12
   c1=(968,-2348), c2=(1658,-690), c3=(2348,968), cs=292.4ø, cm=337.4ø, ce=382.4ø, pt=(2345,-976), d=744
   c1=(968,-2348), c2=(1656,-1662), c3=(2345,-976), cs=292.4ø, cm=314.9ø, ce=337.4ø, pt=(1793,-1799), d=193
   c1=(968,-2348), c2=(1380,-2073), c3=(1793,-1799), cs=292.4ø, cm=303.6ø, ce=314.9ø, pt=(1406,-2116), d=50
   c1=(968,-2348), c2=(1187,-2232), c3=(1406,-2116), cs=292.4ø, cm=298.0ø, ce=303.6ø, pt=(1192,-2243), d=12
LINEARISING DONE. c3=(1406,-2116) cs=303.6ø (end=450.0)
LINEARISING: c1=(1406,-2116) max=12
   c1=(1406,-2116), c2=(1761,-355), c3=(2116,1406), cs=303.6ø, cm=348.6ø, ce=393.6ø, pt=(2490,-502), d=743
   c1=(1406,-2116), c2=(1948,-1309), c3=(2490,-502), cs=303.6ø, cm=326.1ø, ce=348.6ø, pt=(2108,-1417), d=193
   c1=(1406,-2116), c2=(1757,-1766), c3=(2108,-1417), cs=303.6ø, cm=314.8ø, ce=326.1ø, pt=(1790,-1802), d=48
   c1=(1406,-2116), c2=(1598,-1959), c3=(1790,-1802), cs=303.6ø, cm=309.2ø, ce=314.8ø, pt=(1605,-1968), d=11
LINEARISING DONE. c3=(1790,-1802) cs=314.8ø (end=450.0)
LINEARISING: c1=(1790,-1802) max=12
   c1=(1790,-1802), c2=(1796,-6), c3=(1802,1790), cs=314.8ø, cm=359.8ø, ce=404.8ø, pt=(2540,-9), d=744
   c1=(1790,-1802), c2=(2165,-905), c3=(2540,-9), cs=314.8ø, cm=337.3ø, ce=359.8ø, pt=(2343,-980), d=193
   c1=(1790,-1802), c2=(2066,-1391), c3=(2343,-980), cs=314.8ø, cm=326.0ø, ce=337.3ø, pt=(2106,-1420), d=49
   c1=(1790,-1802), c2=(1948,-1611), c3=(2106,-1420), cs=314.8ø, cm=320.4ø, ce=326.0ø, pt=(1957,-1619), d=12
LINEARISING DONE. c3=(2106,-1420) cs=326.0ø (end=450.0)
LINEARISING: c1=(2106,-1420) max=12
   c1=(2106,-1420), c2=(1763,343), c3=(1420,2106), cs=326.0ø, cm=371.0ø, ce=416.0ø, pt=(2493,485), d=743
   c1=(2106,-1420), c2=(2299,-467), c3=(2493,485), cs=326.0ø, cm=348.5ø, ce=371.0ø, pt=(2489,-506), d=193
   c1=(2106,-1420), c2=(2297,-963), c3=(2489,-506), cs=326.0ø, cm=337.2ø, ce=348.5ø, pt=(2342,-984), d=49
   c1=(2106,-1420), c2=(2224,-1202), c3=(2342,-984), cs=326.0ø, cm=331.6ø, ce=337.2ø, pt=(2234,-1208), d=11
LINEARISING DONE. c3=(2342,-984) cs=337.2ø (end=450.0)
LINEARISING: c1=(2342,-984) max=12
   c1=(2342,-984), c2=(1663,679), c3=(984,2342), cs=337.2ø, cm=382.2ø, ce=427.2ø, pt=(2352,960), d=744
   c1=(2342,-984), c2=(2347,-12), c3=(2352,960), cs=337.2ø, cm=359.7ø, ce=382.2ø, pt=(2540,-13), d=193
   c1=(2342,-984), c2=(2441,-498), c3=(2540,-13), cs=337.2ø, cm=348.4ø, ce=359.7ø, pt=(2488,-511), d=48
   c1=(2342,-984), c2=(2415,-747), c3=(2488,-511), cs=337.2ø, cm=342.8ø, ce=348.4ø, pt=(2426,-751), d=11
LINEARISING DONE. c3=(2488,-511) cs=348.4ø (end=450.0)
LINEARISING: c1=(2488,-511) max=12
   c1=(2488,-511), c2=(1499,988), c3=(511,2488), cs=348.4ø, cm=393.4ø, ce=438.4ø, pt=(2121,1398), d=744
   c1=(2488,-511), c2=(2304,443), c3=(2121,1398), cs=348.4ø, cm=370.9ø, ce=393.4ø, pt=(2494,480), d=193
   c1=(2488,-511), c2=(2491,-15), c3=(2494,480), cs=348.4ø, cm=359.6ø, ce=370.9ø, pt=(2540,-18), d=49
   c1=(2488,-511), c2=(2514,-264), c3=(2540,-18), cs=348.4ø, cm=354.0ø, ce=359.6ø, pt=(2526,-266), d=12
LINEARISING DONE. c3=(2540,-18) cs=359.6ø (end=450.0)
LINEARISING: c1=(2540,-18) max=12
   c1=(2540,-18), c2=(1279,1261), c3=(18,2540), cs=359.6ø, cm=404.6ø, ce=449.6ø, pt=(1809,1783), d=743
   c1=(2540,-18), c2=(2174,882), c3=(1809,1783), cs=359.6ø, cm=382.1ø, ce=404.6ø, pt=(2353,956), d=193
   c1=(2540,-18), c2=(2446,469), c3=(2353,956), cs=359.6ø, cm=370.8ø, ce=382.1ø, pt=(2495,476), d=49
   c1=(2540,-18), c2=(2517,229), c3=(2495,476), cs=359.6ø, cm=365.2ø, ce=370.8ø, pt=(2530,230), d=13
   c1=(2540,-18), c2=(2535,106), c3=(2530,230), cs=359.6ø, cm=362.4ø, ce=365.2ø, pt=(2538,106), d=3
LINEARISING DONE. c3=(2530,230) cs=365.2ø (end=450.0)
LINEARISING: c1=(2530,230) max=12
   c1=(2530,230), c2=(1265,1385), c3=(0,2540), cs=365.2ø, cm=407.6ø, ce=450.0ø, pt=(1713,1876), d=664
   c1=(2530,230), c2=(2121,1053), c3=(1713,1876), cs=365.2ø, cm=386.4ø, ce=407.6ø, pt=(2275,1129), d=171
   c1=(2530,230), c2=(2402,679), c3=(2275,1129), cs=365.2ø, cm=375.8ø, ce=386.4ø, pt=(2444,692), d=43
   c1=(2530,230), c2=(2487,461), c3=(2444,692), cs=365.2ø, cm=370.5ø, ce=375.8ø, pt=(2497,463), d=10
LINEARISING DONE. c3=(2444,692) cs=375.8ø (end=450.0)
LINEARISING: c1=(2444,692) max=12
   c1=(2444,692), c2=(1222,1616), c3=(0,2540), cs=375.8ø, cm=412.9ø, ce=450.0ø, pt=(1532,2026), d=514
   c1=(2444,692), c2=(1988,1359), c3=(1532,2026), cs=375.8ø, cm=394.3ø, ce=412.9ø, pt=(2098,1431), d=131
   c1=(2444,692), c2=(2271,1061), c3=(2098,1431), cs=375.8ø, cm=385.0ø, ce=394.3ø, pt=(2302,1073), d=33
   c1=(2444,692), c2=(2373,882), c3=(2302,1073), cs=375.8ø, cm=380.4ø, ce=385.0ø, pt=(2381,885), d=8
LINEARISING DONE. c3=(2302,1073) cs=385.0ø (end=450.0)
LINEARISING: c1=(2302,1073) max=12
   c1=(2302,1073), c2=(1151,1806), c3=(0,2540), cs=385.0ø, cm=417.5ø, ce=450.0ø, pt=(1365,2142), d=398
   c1=(2302,1073), c2=(1833,1607), c3=(1365,2142), cs=385.0ø, cm=401.2ø, ce=417.5ø, pt=(1911,1673), d=102
   c1=(2302,1073), c2=(2106,1373), c3=(1911,1673), cs=385.0ø, cm=393.1ø, ce=401.2ø, pt=(2128,1387), d=26
   c1=(2302,1073), c2=(2215,1230), c3=(2128,1387), cs=385.0ø, cm=389.0ø, ce=393.1ø, pt=(2222,1231), d=7
LINEARISING DONE. c3=(2128,1387) cs=393.1ø (end=450.0)
LINEARISING: c1=(2128,1387) max=12
   c1=(2128,1387), c2=(1064,1963), c3=(0,2540), cs=393.1ø, cm=421.5ø, ce=450.0ø, pt=(1212,2232), d=307
   c1=(2128,1387), c2=(1670,1809), c3=(1212,2232), cs=393.1ø, cm=407.3ø, ce=421.5ø, pt=(1723,1867), d=78
   c1=(2128,1387), c2=(1925,1627), c3=(1723,1867), cs=393.1ø, cm=400.2ø, ce=407.3ø, pt=(1940,1639), d=19
   c1=(2128,1387), c2=(2034,1513), c3=(1940,1639), cs=393.1ø, cm=396.6ø, ce=400.2ø, pt=(2039,1514), d=5
LINEARISING DONE. c3=(1940,1639) cs=400.2ø (end=450.0)
LINEARISING: c1=(1940,1639) max=12
   c1=(1940,1639), c2=(970,2089), c3=(0,2540), cs=400.2ø, cm=425.1ø, ce=450.0ø, pt=(1069,2304), d=236
   c1=(1940,1639), c2=(1504,1971), c3=(1069,2304), cs=400.2ø, cm=412.6ø, ce=425.1ø, pt=(1543,2018), d=61
   c1=(1940,1639), c2=(1741,1828), c3=(1543,2018), cs=400.2ø, cm=406.4ø, ce=412.6ø, pt=(1752,1839), d=15
   c1=(1940,1639), c2=(1846,1739), c3=(1752,1839), cs=400.2ø, cm=403.3ø, ce=406.4ø, pt=(1849,1742), d=4
LINEARISING DONE. c3=(1752,1839) cs=406.4ø (end=450.0)
LINEARISING: c1=(1752,1839) max=12
   c1=(1752,1839), c2=(876,2189), c3=(0,2540), cs=406.4ø, cm=428.2ø, ce=450.0ø, pt=(943,2358), d=181
   c1=(1752,1839), c2=(1347,2098), c3=(943,2358), cs=406.4ø, cm=417.3ø, ce=428.2ø, pt=(1372,2137), d=46
   c1=(1752,1839), c2=(1562,1988), c3=(1372,2137), cs=406.4ø, cm=411.8ø, ce=417.3ø, pt=(1571,1996), d=12
LINEARISING DONE. c3=(1372,2137) cs=417.3ø (end=450.0)
LINEARISING: c1=(1372,2137) max=12
   c1=(1372,2137), c2=(686,2338), c3=(0,2540), cs=417.3ø, cm=433.6ø, ce=450.0ø, pt=(717,2437), d=103
   c1=(1372,2137), c2=(1044,2287), c3=(717,2437), cs=417.3ø, cm=425.4ø, ce=433.6ø, pt=(1057,2309), d=25
   c1=(1372,2137), c2=(1214,2223), c3=(1057,2309), cs=417.3ø, cm=421.3ø, ce=425.4ø, pt=(1220,2228), d=7
LINEARISING DONE. c3=(1057,2309) cs=425.4ø (end=450.0)
LINEARISING: c1=(1057,2309) max=12
   c1=(1057,2309), c2=(528,2424), c3=(0,2540), cs=425.4ø, cm=437.7ø, ce=450.0ø, pt=(541,2482), d=59
   c1=(1057,2309), c2=(799,2395), c3=(541,2482), cs=425.4ø, cm=431.5ø, ce=437.7ø, pt=(806,2409), d=15
   c1=(1057,2309), c2=(931,2359), c3=(806,2409), cs=425.4ø, cm=428.4ø, ce=431.5ø, pt=(935,2362), d=5
LINEARISING DONE. c3=(806,2409) cs=431.5ø (end=450.0)
LINEARISING: c1=(806,2409) max=12
   c1=(806,2409), c2=(403,2474), c3=(0,2540), cs=431.5ø, cm=440.7ø, ce=450.0ø, pt=(410,2507), d=33
   c1=(806,2409), c2=(608,2458), c3=(410,2507), cs=431.5ø, cm=436.1ø, ce=440.7ø, pt=(610,2466), d=8
LINEARISING DONE. c3=(410,2507) cs=440.7ø (end=450.0)
LINEARISING: c1=(410,2507) max=12
   c1=(410,2507), c2=(205,2523), c3=(0,2540), cs=440.7ø, cm=445.3ø, ce=450.0ø, pt=(208,2531), d=8
LINEARISING DONE. c3=(0,2540) cs=450.0ø (end=450.0)
EXPORT ARC: Arc linearised to 21 points.
