\BOOKMARK [0][-]{section*.7}{\376\377\000I\000n\000t\000r\000o\000d\000u\000\347\000a\000o}{}% 1
\BOOKMARK [0][-]{section*.9}{\376\377\000D\000e\000s\000e\000n\000v\000o\000l\000v\000i\000m\000e\000n\000t\000o\000\040\000T\000e\000\363\000r\000i\000c\000o}{}% 2
\BOOKMARK [1][-]{section.2.1}{\376\377\000A\000s\000t\000r\000o\000f\000o\000g\000r\000a\000f\000i\000a}{section*.9}% 3
\BOOKMARK [2][-]{subsection.2.1.1}{\376\377\000E\000q\000u\000i\000p\000a\000m\000e\000n\000t\000o\000s}{section.2.1}% 4
\BOOKMARK [3][-]{subsubsection.2.1.1.1}{\376\377\000C\000\342\000m\000e\000r\000a\000s}{subsection.2.1.1}% 5
\BOOKMARK [3][-]{subsubsection.2.1.1.2}{\376\377\000L\000e\000n\000t\000e\000s}{subsection.2.1.1}% 6
\BOOKMARK [4][-]{paragraph.2.1.1.2.1}{\376\377\000D\000i\000s\000t\000\342\000n\000c\000i\000a\000\040\000F\000o\000c\000a\000l}{subsubsection.2.1.1.2}% 7
\BOOKMARK [2][-]{subsection.2.1.2}{\376\377\000E\000x\000p\000o\000s\000i\000\347\000\343\000o}{section.2.1}% 8
\BOOKMARK [3][-]{subsubsection.2.1.2.1}{\376\377\000V\000e\000l\000o\000c\000i\000d\000a\000d\000e}{subsection.2.1.2}% 9
\BOOKMARK [3][-]{subsubsection.2.1.2.2}{\376\377\000A\000b\000e\000r\000t\000u\000r\000a}{subsection.2.1.2}% 10
\BOOKMARK [3][-]{subsubsection.2.1.2.3}{\376\377\000S\000e\000n\000s\000i\000b\000i\000l\000i\000d\000a\000d\000e\000\040\000\050\000I\000S\000O\000\051}{subsection.2.1.2}% 11
\BOOKMARK [2][-]{subsection.2.1.3}{\376\377\000F\000o\000r\000m\000a\000t\000o\000s\000\040\000d\000e\000\040\000A\000r\000q\000u\000i\000v\000o\000s}{section.2.1}% 12
\BOOKMARK [2][-]{subsection.2.1.4}{\376\377\000R\000a\000s\000t\000r\000o\000\040\000d\000e\000\040\000E\000s\000t\000r\000e\000l\000a\000s}{section.2.1}% 13
\BOOKMARK [2][-]{subsection.2.1.5}{\376\377\000E\000m\000p\000i\000l\000h\000a\000m\000e\000n\000t\000o\000\040\000d\000e\000\040\000F\000o\000t\000o\000s}{section.2.1}% 14
\BOOKMARK [3][-]{subsubsection.2.1.5.1}{\376\377\000I\000m\000a\000g\000e\000n\000s\000\040\000d\000e\000\040\000C\000a\000l\000i\000b\000r\000a\000\347\000\343\000o}{subsection.2.1.5}% 15
\BOOKMARK [4][-]{paragraph.2.1.5.1.1}{\376\377\000D\000a\000r\000k\000\040\000F\000r\000a\000m\000e\000s}{subsubsection.2.1.5.1}% 16
\BOOKMARK [4][-]{paragraph.2.1.5.1.2}{\376\377\000B\000i\000a\000s\000\040\000\050\000O\000f\000f\000s\000e\000t\000\051\000\040\000F\000r\000a\000m\000e\000s}{subsubsection.2.1.5.1}% 17
\BOOKMARK [4][-]{paragraph.2.1.5.1.3}{\376\377\000F\000l\000a\000t\000\040\000F\000r\000a\000m\000e\000s}{subsubsection.2.1.5.1}% 18
\BOOKMARK [2][-]{subsection.2.1.6}{\376\377\000M\000\351\000t\000o\000d\000o\000s\000\040\000d\000e\000\040\000R\000a\000s\000t\000r\000e\000a\000m\000e\000n\000t\000o}{section.2.1}% 19
\BOOKMARK [3][-]{subsubsection.2.1.6.1}{\376\377\000A\000l\000t\000-\000A\000z\000i\000m\000u\000t\000a\000l}{subsection.2.1.6}% 20
\BOOKMARK [3][-]{subsubsection.2.1.6.2}{\376\377\000E\000q\000u\000a\000t\000o\000r\000i\000a\000l}{subsection.2.1.6}% 21
\BOOKMARK [1][-]{section.2.2}{\376\377\000P\000l\000a\000t\000a\000f\000o\000r\000m\000a\000s\000\040\000E\000q\000u\000a\000t\000o\000r\000i\000a\000i\000s}{section*.9}% 22
\BOOKMARK [2][-]{subsection.2.2.1}{\376\377\000M\000\351\000t\000o\000d\000o\000s\000\040\000d\000e\000\040\000A\000l\000i\000n\000h\000a\000m\000e\000n\000t\000o\000\040\000P\000o\000l\000a\000r}{section.2.2}% 23
\BOOKMARK [3][-]{subsubsection.2.2.1.1}{\376\377\000A\000j\000u\000s\000t\000e\000\040\000d\000e\000\040\000A\000z\000i\000m\000u\000t\000e}{subsection.2.2.1}% 24
\BOOKMARK [4][-]{paragraph.2.2.1.1.1}{\376\377\000L\000o\000c\000a\000l\000i\000z\000a\000\347\000\343\000o\000\040\000d\000a\000\040\000E\000s\000t\000r\000e\000l\000a\000\040\000P\000o\000l\000a\000r}{subsubsection.2.2.1.1}% 25
\BOOKMARK [4][-]{paragraph.2.2.1.1.2}{\376\377\000A\000l\000i\000n\000h\000a\000m\000e\000n\000t\000o\000\040\000c\000o\000m\000\040\000o\000\040\000P\000o\000l\000o\000\040\000N\000o\000r\000t\000e}{subsubsection.2.2.1.1}% 26
\BOOKMARK [3][-]{subsubsection.2.2.1.2}{\376\377\000A\000j\000u\000s\000t\000e\000\040\000d\000e\000\040\000E\000l\000e\000v\000a\000\347\000\343\000o}{subsection.2.2.1}% 27
\BOOKMARK [3][-]{subsubsection.2.2.1.3}{\376\377\000M\000\351\000t\000o\000d\000o\000\040\000D\000r\000i\000f\000t}{subsection.2.2.1}% 28
\BOOKMARK [2][-]{subsection.2.2.2}{\376\377\000S\000o\000l\000u\000\347\000\365\000e\000s\000\040\000C\000o\000m\000e\000r\000c\000i\000a\000i\000s\000\040\000E\000x\000i\000s\000t\000e\000n\000t\000e\000s}{section.2.2}% 29
\BOOKMARK [1][-]{section.2.3}{\376\377\000O\000b\000j\000e\000t\000i\000v\000o\000s}{section*.9}% 30
\BOOKMARK [1][-]{section.2.4}{\376\377\000P\000r\000o\000t\000o\000c\000o\000l\000o\000s\000\040\000d\000e\000\040\000C\000o\000m\000u\000n\000i\000c\000a\000\347\000\343\000o}{section*.9}% 31
\BOOKMARK [2][-]{subsection.2.4.1}{\376\377\000S\000e\000r\000i\000a\000l}{section.2.4}% 32
\BOOKMARK [3][-]{subsubsection.2.4.1.1}{\376\377\000U\000A\000R\000T}{subsection.2.4.1}% 33
\BOOKMARK [3][-]{subsubsection.2.4.1.2}{\376\377\000I\0002\000C}{subsection.2.4.1}% 34
\BOOKMARK [2][-]{subsection.2.4.2}{\376\377\000B\000l\000u\000e\000t\000o\000o\000t\000h}{section.2.4}% 35
\BOOKMARK [1][-]{section.2.5}{\376\377\000S\000e\000n\000s\000o\000r\000e\000s\000\040\000e\000\040\000A\000t\000u\000a\000d\000o\000r\000e\000s}{section*.9}% 36
\BOOKMARK [2][-]{subsection.2.5.1}{\376\377\000A\000c\000e\000l\000e\000r\000\364\000m\000e\000t\000r\000o}{section.2.5}% 37
\BOOKMARK [2][-]{subsection.2.5.2}{\376\377\000G\000i\000r\000o\000s\000c\000\363\000p\000i\000o}{section.2.5}% 38
\BOOKMARK [2][-]{subsection.2.5.3}{\376\377\000M\000a\000g\000n\000e\000t\000\364\000m\000e\000t\000r\000o}{section.2.5}% 39
\BOOKMARK [2][-]{subsection.2.5.4}{\376\377\000G\000P\000S}{section.2.5}% 40
\BOOKMARK [2][-]{subsection.2.5.5}{\376\377\000M\000o\000t\000o\000r\000\040\000d\000e\000\040\000P\000a\000s\000s\000o}{section.2.5}% 41
\BOOKMARK [1][-]{section.2.6}{\376\377\000M\000i\000c\000r\000o\000c\000o\000n\000t\000r\000o\000l\000a\000d\000o\000r\000e\000s}{section*.9}% 42
\BOOKMARK [2][-]{subsection.2.6.1}{\376\377\000A\000r\000d\000u\000i\000n\000o\000\040\000N\000a\000n\000o}{section.2.6}% 43
\BOOKMARK [1][-]{section.2.7}{\376\377\000I\000n\000t\000e\000r\000f\000a\000c\000e\000\040\000G\000r\000\341\000f\000i\000c\000a}{section*.9}% 44
\BOOKMARK [2][-]{subsection.2.7.1}{\376\377\000P\000r\000i\000n\000c\000\355\000p\000i\000o\000s\000\040\000e\000\040\000D\000i\000r\000e\000t\000r\000i\000z\000e\000s}{section.2.7}% 45
\BOOKMARK [3][-]{subsubsection.2.7.1.1}{\376\377\000V\000i\000s\000i\000b\000i\000l\000i\000d\000a\000d\000e\000\040\000d\000o\000s\000\040\000s\000t\000a\000t\000u\000s\000\040\000d\000o\000\040\000s\000i\000s\000t\000e\000m\000a}{subsection.2.7.1}% 46
\BOOKMARK [3][-]{subsubsection.2.7.1.2}{\376\377\000C\000o\000m\000u\000n\000i\000c\000a\000r\000-\000s\000e\000\040\000c\000o\000m\000\040\000o\000\040\000m\000u\000n\000d\000o\000\040\000r\000e\000a\000l}{subsection.2.7.1}% 47
\BOOKMARK [3][-]{subsubsection.2.7.1.3}{\376\377\000L\000i\000b\000e\000r\000d\000a\000d\000e\000\040\000d\000e\000\040\000C\000o\000n\000t\000r\000o\000l\000e\000\040\000d\000o\000\040\000U\000s\000u\000\341\000r\000i\000o}{subsection.2.7.1}% 48
\BOOKMARK [3][-]{subsubsection.2.7.1.4}{\376\377\000C\000o\000n\000s\000i\000s\000t\000\352\000n\000c\000i\000a\000s\000\040\000e\000\040\000P\000a\000d\000r\000\365\000e\000s}{subsection.2.7.1}% 49
\BOOKMARK [3][-]{subsubsection.2.7.1.5}{\376\377\000P\000r\000e\000v\000e\000n\000\347\000\343\000o\000\040\000d\000e\000\040\000e\000r\000r\000o\000s}{subsection.2.7.1}% 50
\BOOKMARK [3][-]{subsubsection.2.7.1.6}{\376\377\000R\000e\000l\000e\000m\000b\000r\000a\000r\000\040\000o\000\040\000u\000s\000u\000\341\000r\000i\000o\000\040\000\351\000\040\000m\000a\000i\000s\000\040\000f\000\341\000c\000i\000l\000\040\000d\000o\000\040\000q\000u\000e\000\040\000o\000\040\000u\000s\000u\000\341\000r\000i\000o\000\040\000r\000e\000l\000e\000m\000b\000r\000a\000r}{subsection.2.7.1}% 51
\BOOKMARK [3][-]{subsubsection.2.7.1.7}{\376\377\000T\000o\000r\000n\000e\000\040\000o\000\040\000s\000i\000s\000t\000e\000m\000a\000\040\000f\000l\000e\000x\000\355\000v\000e\000l\000\040\000e\000\040\000e\000f\000i\000c\000i\000e\000n\000t\000e}{subsection.2.7.1}% 52
\BOOKMARK [3][-]{subsubsection.2.7.1.8}{\376\377\000T\000e\000n\000h\000a\000\040\000u\000m\000\040\000p\000r\000o\000j\000e\000t\000o\000\040\000m\000i\000n\000i\000m\000a\000l\000i\000s\000t\000a}{subsection.2.7.1}% 53
\BOOKMARK [3][-]{subsubsection.2.7.1.9}{\376\377\000A\000j\000u\000d\000e\000\040\000o\000\040\000u\000s\000u\000\341\000r\000i\000o\000\040\000a\000\040\000e\000n\000t\000e\000n\000d\000e\000r\000\040\000e\000\040\000s\000e\000\040\000r\000e\000c\000u\000p\000e\000r\000a\000r\000\040\000d\000e\000\040\000e\000r\000r\000o\000s}{subsection.2.7.1}% 54
\BOOKMARK [3][-]{subsubsection.2.7.1.10}{\376\377\000T\000i\000r\000e\000\040\000d\000\372\000v\000i\000d\000a\000s\000\040\000e\000\040\000d\000o\000c\000u\000m\000e\000n\000t\000e\000\040\000o\000\040\000s\000i\000s\000t\000e\000m\000a}{subsection.2.7.1}% 55
\BOOKMARK [2][-]{subsection.2.7.2}{\376\377\000A\000n\000d\000r\000o\000i\000d}{section.2.7}% 56
\BOOKMARK [3][-]{subsubsection.2.7.2.1}{\376\377\000A\000m\000b\000i\000e\000n\000t\000e\000\040\000d\000e\000\040\000D\000e\000s\000e\000n\000v\000o\000l\000v\000i\000m\000e\000n\000t\000o}{subsection.2.7.2}% 57
\BOOKMARK [3][-]{subsubsection.2.7.2.2}{\376\377\000L\000i\000n\000g\000u\000a\000g\000e\000n\000s\000\040\000d\000e\000\040\000P\000r\000o\000g\000r\000a\000m\000a\000\347\000\343\000o}{subsection.2.7.2}% 58
\BOOKMARK [3][-]{subsubsection.2.7.2.3}{\376\377\000M\000a\000t\000e\000r\000i\000a\000l\000\040\000D\000e\000s\000i\000g\000n}{subsection.2.7.2}% 59
\BOOKMARK [0][-]{section*.22}{\376\377\000D\000e\000s\000e\000n\000v\000o\000l\000v\000i\000m\000e\000n\000t\000o\000\040\000d\000a\000\040\000P\000l\000a\000t\000a\000f\000o\000r\000m\000a}{}% 60
\BOOKMARK [1][-]{section.3.1}{\376\377\000H\000a\000r\000d\000w\000a\000r\000e}{section*.22}% 61
\BOOKMARK [2][-]{subsection.3.1.1}{\376\377\000M\000\363\000d\000u\000l\000o\000s\000\040\000C\000o\000m\000e\000r\000c\000i\000a\000i\000s}{section.3.1}% 62
\BOOKMARK [3][-]{subsubsection.3.1.1.1}{\376\377\000M\000\363\000d\000u\000l\000o\000\040\000B\000l\000u\000e\000t\000o\000o\000t\000h\000\040\000H\000C\0000\0005}{subsection.3.1.1}% 63
\BOOKMARK [3][-]{subsubsection.3.1.1.2}{\376\377\000M\000\363\000d\000u\000l\000o\000\040\000d\000e\000\040\000s\000e\000n\000s\000o\000r\000e\000s\000\040\000G\000Y\0008\0007}{subsection.3.1.1}% 64
\BOOKMARK [2][-]{subsection.3.1.2}{\376\377\000M\000o\000t\000o\000r\000\040\0002\0008\000B\000Y\000J\000-\0004\0008}{section.3.1}% 65
\BOOKMARK [3][-]{subsubsection.3.1.2.1}{\376\377\000D\000r\000i\000v\000e\000r\000\040\000U\000L\000N\0002\0000\0000\0003}{subsection.3.1.2}% 66
\BOOKMARK [2][-]{subsection.3.1.3}{\376\377\000P\000l\000a\000c\000a\000\040\000d\000e\000\040\000C\000i\000r\000c\000u\000i\000t\000o\000\040\000I\000m\000p\000r\000e\000s\000s\000o}{section.3.1}% 67
\BOOKMARK [3][-]{subsubsection.3.1.3.1}{\376\377\000D\000i\000a\000g\000r\000a\000m\000a\000\040\000E\000l\000\351\000t\000r\000i\000c\000o}{subsection.3.1.3}% 68
\BOOKMARK [3][-]{subsubsection.3.1.3.2}{\376\377\000L\000a\000y\000o\000u\000t}{subsection.3.1.3}% 69
\BOOKMARK [3][-]{subsubsection.3.1.3.3}{\376\377\000M\000a\000n\000u\000f\000a\000t\000u\000r\000a}{subsection.3.1.3}% 70
\BOOKMARK [1][-]{section.3.2}{\376\377\000P\000r\000o\000j\000e\000t\000o\000\040\000E\000s\000t\000r\000u\000t\000u\000r\000a\000l}{section*.22}% 71
\BOOKMARK [2][-]{subsection.3.2.1}{\376\377\000R\000e\000q\000u\000i\000s\000i\000t\000o\000s\000\040\000d\000e\000\040\000P\000r\000o\000j\000e\000t\000o}{section.3.2}% 72
\BOOKMARK [2][-]{subsection.3.2.2}{\376\377\000P\000e\000\347\000a\000s}{section.3.2}% 73
\BOOKMARK [3][-]{subsubsection.3.2.2.1}{\376\377\000F\000r\000a\000m\000e\000\040\000P\000r\000i\000n\000c\000i\000p\000a\000l}{subsection.3.2.2}% 74
\BOOKMARK [3][-]{subsubsection.3.2.2.2}{\376\377\000E\000n\000g\000r\000e\000n\000a\000g\000e\000n\000s}{subsection.3.2.2}% 75
\BOOKMARK [3][-]{subsubsection.3.2.2.3}{\376\377\000B\000a\000r\000r\000a\000\040\000d\000e\000\040\000E\000l\000e\000v\000a\000\347\000\343\000o}{subsection.3.2.2}% 76
\BOOKMARK [2][-]{subsection.3.2.3}{\376\377\000M\000a\000n\000u\000f\000a\000t\000u\000r\000a}{section.3.2}% 77
\BOOKMARK [2][-]{subsection.3.2.4}{\376\377\000M\000o\000n\000t\000a\000g\000e\000m}{section.3.2}% 78
\BOOKMARK [0][-]{section*.23}{\376\377\000D\000e\000s\000e\000n\000v\000o\000l\000v\000i\000m\000e\000n\000t\000o\000\040\000d\000o\000\040\000A\000p\000l\000i\000c\000a\000t\000i\000v\000o}{}% 79
\BOOKMARK [1][-]{section.4.1}{\376\377\000N\000e\000c\000e\000s\000s\000i\000d\000a\000d\000e\000s\000\040\000d\000o\000s\000\040\000U\000s\000u\000\341\000r\000i\000o\000s}{section*.23}% 80
\BOOKMARK [1][-]{section.4.2}{\376\377\000P\000r\000o\000t\000o\000t\000i\000p\000a\000\347\000\343\000o\000\040\000d\000a\000s\000\040\000T\000e\000l\000a\000s}{section*.23}% 81
\BOOKMARK [1][-]{section.4.3}{\376\377\000I\000m\000p\000l\000e\000m\000e\000n\000t\000a\000\347\000\343\000o\000\040\000d\000o\000\040\000A\000p\000l\000i\000c\000a\000t\000i\000v\000o\000\040\000A\000n\000d\000r\000o\000i\000d}{section*.23}% 82
\BOOKMARK [2][-]{subsection.4.3.1}{\376\377\000R\000e\000q\000u\000i\000s\000i\000t\000o\000s\000\040\000d\000e\000\040\000S\000i\000s\000t\000e\000m\000a}{section.4.3}% 83
\BOOKMARK [2][-]{subsection.4.3.2}{\376\377\000A\000r\000q\000u\000i\000t\000e\000t\000u\000r\000a\000\040\000d\000o\000\040\000F\000u\000n\000c\000i\000o\000n\000a\000m\000e\000n\000t\000o}{section.4.3}% 84
\BOOKMARK [3][-]{subsubsection.4.3.2.1}{\376\377\000A\000c\000t\000i\000v\000i\000t\000y}{subsection.4.3.2}% 85
\BOOKMARK [3][-]{subsubsection.4.3.2.2}{\376\377\000R\000o\000o\000m\000\040\000D\000a\000t\000a\000b\000a\000s\000e}{subsection.4.3.2}% 86
\BOOKMARK [3][-]{subsubsection.4.3.2.3}{\376\377\000F\000r\000a\000g\000m\000e\000n\000t\000s}{subsection.4.3.2}% 87
\BOOKMARK [4][-]{paragraph.4.3.2.3.1}{\376\377\000V\000i\000e\000w\000\040\000M\000o\000d\000e\000l}{subsubsection.4.3.2.3}% 88
\BOOKMARK [3][-]{subsubsection.4.3.2.4}{\376\377\000P\000r\000o\000t\000o\000c\000o\000l\000o\000\040\000d\000e\000\040\000C\000o\000m\000u\000n\000i\000c\000a\000\347\000\343\000o\000\040\000B\000l\000u\000e\000t\000o\000o\000t\000h}{subsection.4.3.2}% 89
\BOOKMARK [0][-]{section*.24}{\376\377\000R\000e\000s\000u\000l\000t\000a\000d\000o\000s\000\040\000O\000b\000t\000i\000d\000o\000s}{}% 90
\BOOKMARK [1][-]{section.5.1}{\376\377\000A\000n\000\341\000l\000i\000s\000e\000\040\000d\000e\000\040\000V\000i\000b\000r\000a\000\347\000\343\000o}{section*.24}% 91
\BOOKMARK [2][-]{subsection.5.1.1}{\376\377\000M\000\351\000t\000o\000d\000o}{section.5.1}% 92
\BOOKMARK [2][-]{subsection.5.1.2}{\376\377\000D\000i\000s\000c\000u\000s\000s\000\343\000o}{section.5.1}% 93
\BOOKMARK [1][-]{section.5.2}{\376\377\000C\000u\000s\000t\000o\000\040\000T\000o\000t\000a\000l\000\040\000d\000o\000\040\000S\000i\000s\000t\000e\000m\000a}{section*.24}% 94
\BOOKMARK [1][-]{section.5.3}{\376\377\000A\000n\000\341\000l\000i\000s\000e\000\040\000d\000e\000\040\000D\000e\000s\000e\000m\000p\000e\000n\000h\000o\000\040\000d\000o\000\040\000A\000p\000l\000i\000c\000a\000t\000i\000v\000o}{section*.24}% 95
\BOOKMARK [1][-]{section.5.4}{\376\377\000F\000o\000t\000o\000g\000r\000a\000f\000i\000a\000s}{section*.24}% 96
\BOOKMARK [0][-]{section*.25}{\376\377\000C\000o\000n\000s\000i\000d\000e\000r\000a\000\347\000\365\000e\000s\000\040\000F\000i\000n\000a\000i\000s}{}% 97
\BOOKMARK [1][-]{section.6.1}{\376\377\000P\000r\000o\000j\000e\000t\000o\000\040\000O\000p\000e\000n\000-\000S\000o\000u\000r\000c\000e}{section*.25}% 98
\BOOKMARK [0][-]{section*.27}{\376\377\000\040\000R\000e\000f\000e\000r\000\352\000n\000c\000i\000a\000s\000\040\000B\000i\000b\000l\000i\000o\000g\000r\000\341\000f\000i\000c\000a\000s}{}% 99
\BOOKMARK [0][-]{section*.29}{\376\377\000\040\000A\000p\000\352\000n\000d\000i\000c\000e\000\040\000A\000\040\040\023\000\040\000D\000e\000s\000e\000n\000h\000o\000\040\000T\000\351\000c\000n\000i\000c\000o\000\040\000d\000a\000s\000\040\000P\000e\000\347\000a\000s}{}% 100
\BOOKMARK [0][-]{section*.34}{\376\377\000\040\000A\000p\000\352\000n\000d\000i\000c\000e\000\040\000B\000\040\040\023\000\040\000D\000i\000a\000g\000r\000a\000m\000a\000\040\000d\000e\000\040\000M\000o\000n\000t\000a\000g\000e\000m}{}% 101
